2019-12-18 08:14:05.874 [main] INFO  com.csdj.lyn.LynApplication - Starting LynApplication on DESKTOP-E1183FD with PID 504 (C:\Users\mi\Desktop\PurchaseOrder\target\classes started by mi in C:\Users\mi\Desktop\PurchaseOrder)
2019-12-18 08:14:05.877 [main] DEBUG com.csdj.lyn.LynApplication - Running with Spring Boot v2.2.2.RELEASE, Spring v5.2.2.RELEASE
2019-12-18 08:14:05.878 [main] INFO  com.csdj.lyn.LynApplication - No active profile set, falling back to default profiles: default
2019-12-18 08:14:08.658 [main] INFO  org.apache.coyote.http11.Http11NioProtocol - Initializing ProtocolHandler ["http-nio-8080"]
2019-12-18 08:14:08.660 [main] INFO  org.apache.catalina.core.StandardService - Starting service [Tomcat]
2019-12-18 08:14:08.660 [main] INFO  org.apache.catalina.core.StandardEngine - Starting Servlet engine: [Apache Tomcat/9.0.29]
2019-12-18 08:14:08.662 [main] INFO  org.apache.catalina.core.AprLifecycleListener - An older version [1.2.21] of the APR based Apache Tomcat Native library is installed, while Tomcat recommends a minimum version of [1.2.23]
2019-12-18 08:14:08.663 [main] INFO  org.apache.catalina.core.AprLifecycleListener - Loaded APR based Apache Tomcat Native library [1.2.21] using APR version [1.6.5].
2019-12-18 08:14:08.663 [main] INFO  org.apache.catalina.core.AprLifecycleListener - APR capabilities: IPv6 [true], sendfile [true], accept filters [false], random [true].
2019-12-18 08:14:08.663 [main] INFO  org.apache.catalina.core.AprLifecycleListener - APR/OpenSSL configuration: useAprConnector [false], useOpenSSL [true]
2019-12-18 08:14:08.679 [main] INFO  org.apache.catalina.core.AprLifecycleListener - OpenSSL successfully initialized [OpenSSL 1.1.1a  20 Nov 2018]
2019-12-18 08:14:08.868 [main] INFO  o.a.c.c.C.[Tomcat].[localhost].[/layui] - Initializing Spring embedded WebApplicationContext
2019-12-18 08:14:09.046 [main] INFO  com.zaxxer.hikari.HikariDataSource - HikariPool-1 - Starting...
2019-12-18 08:14:09.047 [main] WARN  com.zaxxer.hikari.util.DriverDataSource - Registered driver with driverClassName=com.mysql.jdbc.Driver was not found, trying direct instantiation.
2019-12-18 08:14:09.266 [main] INFO  com.zaxxer.hikari.HikariDataSource - HikariPool-1 - Start completed.
2019-12-18 08:14:09.359 [main] INFO  org.hibernate.jpa.internal.util.LogHelper - HHH000204: Processing PersistenceUnitInfo [name: default]
2019-12-18 08:14:09.514 [main] INFO  org.hibernate.Version - HHH000412: Hibernate Core {5.4.9.Final}
2019-12-18 08:14:09.812 [main] INFO  org.hibernate.annotations.common.Version - HCANN000001: Hibernate Commons Annotations {5.1.0.Final}
2019-12-18 08:14:09.998 [main] INFO  org.hibernate.dialect.Dialect - HHH000400: Using dialect: org.hibernate.dialect.MySQL57Dialect
2019-12-18 08:14:10.244 [main] INFO  o.h.e.t.jta.platform.internal.JtaPlatformInitiator - HHH000490: Using JtaPlatform implementation: [org.hibernate.engine.transaction.jta.platform.internal.NoJtaPlatform]
2019-12-18 08:14:11.198 [main] INFO  org.apache.coyote.http11.Http11NioProtocol - Starting ProtocolHandler ["http-nio-8080"]
2019-12-18 08:14:11.240 [main] INFO  com.csdj.lyn.LynApplication - Started LynApplication in 6.32 seconds (JVM running for 11.476)
2019-12-18 08:14:23.413 [http-nio-8080-exec-1] INFO  o.a.c.c.C.[Tomcat].[localhost].[/layui] - Initializing Spring DispatcherServlet 'dispatcherServlet'
2019-12-18 08:14:23.647 [http-nio-8080-exec-1] DEBUG com.csdj.lyn.mapper.OrderformMapper.findOrderForm - ==>  Preparing: SELECT * FROM `orderform` a,`orderdetailed` b WHERE a.`did`=b.`mdid` 
2019-12-18 08:14:23.687 [http-nio-8080-exec-1] DEBUG com.csdj.lyn.mapper.OrderformMapper.findOrderForm - ==> Parameters: 
2019-12-18 08:14:23.736 [http-nio-8080-exec-1] DEBUG com.csdj.lyn.mapper.OrderformMapper.findOrderForm - <==      Total: 6
2019-12-18 08:14:24.639 [http-nio-8080-exec-2] DEBUG com.csdj.lyn.mapper.OrderformMapper.findOrderForm - ==>  Preparing: SELECT * FROM `orderform` a,`orderdetailed` b WHERE a.`did`=b.`mdid` and a.start = ? 
2019-12-18 08:14:24.641 [http-nio-8080-exec-2] DEBUG com.csdj.lyn.mapper.OrderformMapper.findOrderForm - ==> Parameters: 待付款(String)
2019-12-18 08:14:24.644 [http-nio-8080-exec-2] DEBUG com.csdj.lyn.mapper.OrderformMapper.findOrderForm - <==      Total: 1
2019-12-18 08:14:25.039 [http-nio-8080-exec-3] DEBUG com.csdj.lyn.mapper.OrderformMapper.findOrderForm - ==>  Preparing: SELECT * FROM `orderform` a,`orderdetailed` b WHERE a.`did`=b.`mdid` and a.start = ? 
2019-12-18 08:14:25.040 [http-nio-8080-exec-3] DEBUG com.csdj.lyn.mapper.OrderformMapper.findOrderForm - ==> Parameters: 待发货(String)
2019-12-18 08:14:25.042 [http-nio-8080-exec-3] DEBUG com.csdj.lyn.mapper.OrderformMapper.findOrderForm - <==      Total: 2
2019-12-18 08:14:25.465 [http-nio-8080-exec-4] DEBUG com.csdj.lyn.mapper.OrderformMapper.findOrderForm - ==>  Preparing: SELECT * FROM `orderform` a,`orderdetailed` b WHERE a.`did`=b.`mdid` and a.start = ? 
2019-12-18 08:14:25.465 [http-nio-8080-exec-4] DEBUG com.csdj.lyn.mapper.OrderformMapper.findOrderForm - ==> Parameters: 待收货(String)
2019-12-18 08:14:25.467 [http-nio-8080-exec-4] DEBUG com.csdj.lyn.mapper.OrderformMapper.findOrderForm - <==      Total: 2
2019-12-18 08:14:26.001 [http-nio-8080-exec-5] DEBUG com.csdj.lyn.mapper.OrderformMapper.findOrderForm - ==>  Preparing: SELECT * FROM `orderform` a,`orderdetailed` b WHERE a.`did`=b.`mdid` and a.start = ? 
2019-12-18 08:14:26.002 [http-nio-8080-exec-5] DEBUG com.csdj.lyn.mapper.OrderformMapper.findOrderForm - ==> Parameters: 已完成(String)
2019-12-18 08:14:26.004 [http-nio-8080-exec-5] DEBUG com.csdj.lyn.mapper.OrderformMapper.findOrderForm - <==      Total: 1
2019-12-18 08:14:26.798 [http-nio-8080-exec-6] DEBUG com.csdj.lyn.mapper.OrderformMapper.findOrderForm - ==>  Preparing: SELECT * FROM `orderform` a,`orderdetailed` b WHERE a.`did`=b.`mdid` and a.start = ? 
2019-12-18 08:14:26.799 [http-nio-8080-exec-6] DEBUG com.csdj.lyn.mapper.OrderformMapper.findOrderForm - ==> Parameters: 待收货(String)
2019-12-18 08:14:26.802 [http-nio-8080-exec-6] DEBUG com.csdj.lyn.mapper.OrderformMapper.findOrderForm - <==      Total: 2
2019-12-18 08:14:27.816 [http-nio-8080-exec-7] DEBUG com.csdj.lyn.mapper.OrderformMapper.findOrderForm - ==>  Preparing: SELECT * FROM `orderform` a,`orderdetailed` b WHERE a.`did`=b.`mdid` and a.start = ? 
2019-12-18 08:14:27.817 [http-nio-8080-exec-7] DEBUG com.csdj.lyn.mapper.OrderformMapper.findOrderForm - ==> Parameters: 待付款(String)
2019-12-18 08:14:27.819 [http-nio-8080-exec-7] DEBUG com.csdj.lyn.mapper.OrderformMapper.findOrderForm - <==      Total: 1
2019-12-18 08:14:28.827 [http-nio-8080-exec-8] DEBUG com.csdj.lyn.mapper.OrderformMapper.findOrderForm - ==>  Preparing: SELECT * FROM `orderform` a,`orderdetailed` b WHERE a.`did`=b.`mdid` 
2019-12-18 08:14:28.828 [http-nio-8080-exec-8] DEBUG com.csdj.lyn.mapper.OrderformMapper.findOrderForm - ==> Parameters: 
2019-12-18 08:14:28.833 [http-nio-8080-exec-8] DEBUG com.csdj.lyn.mapper.OrderformMapper.findOrderForm - <==      Total: 6
2019-12-18 08:14:29.100 [http-nio-8080-exec-9] DEBUG com.csdj.lyn.mapper.OrderformMapper.findOrderForm - ==>  Preparing: SELECT * FROM `orderform` a,`orderdetailed` b WHERE a.`did`=b.`mdid` 
2019-12-18 08:14:29.101 [http-nio-8080-exec-9] DEBUG com.csdj.lyn.mapper.OrderformMapper.findOrderForm - ==> Parameters: 
2019-12-18 08:14:29.105 [http-nio-8080-exec-9] DEBUG com.csdj.lyn.mapper.OrderformMapper.findOrderForm - <==      Total: 6
2019-12-18 08:14:29.451 [http-nio-8080-exec-10] DEBUG com.csdj.lyn.mapper.OrderformMapper.findOrderForm - ==>  Preparing: SELECT * FROM `orderform` a,`orderdetailed` b WHERE a.`did`=b.`mdid` and a.start = ? 
2019-12-18 08:14:29.452 [http-nio-8080-exec-10] DEBUG com.csdj.lyn.mapper.OrderformMapper.findOrderForm - ==> Parameters: 待发货(String)
2019-12-18 08:14:29.454 [http-nio-8080-exec-10] DEBUG com.csdj.lyn.mapper.OrderformMapper.findOrderForm - <==      Total: 2
2019-12-18 08:14:30.100 [http-nio-8080-exec-1] DEBUG com.csdj.lyn.mapper.OrderformMapper.findOrderForm - ==>  Preparing: SELECT * FROM `orderform` a,`orderdetailed` b WHERE a.`did`=b.`mdid` and a.start = ? 
2019-12-18 08:14:30.101 [http-nio-8080-exec-1] DEBUG com.csdj.lyn.mapper.OrderformMapper.findOrderForm - ==> Parameters: 待发货(String)
2019-12-18 08:14:30.106 [http-nio-8080-exec-1] DEBUG com.csdj.lyn.mapper.OrderformMapper.findOrderForm - <==      Total: 2
2019-12-18 08:14:30.477 [http-nio-8080-exec-2] DEBUG com.csdj.lyn.mapper.OrderformMapper.findOrderForm - ==>  Preparing: SELECT * FROM `orderform` a,`orderdetailed` b WHERE a.`did`=b.`mdid` and a.start = ? 
2019-12-18 08:14:30.477 [http-nio-8080-exec-2] DEBUG com.csdj.lyn.mapper.OrderformMapper.findOrderForm - ==> Parameters: 待收货(String)
2019-12-18 08:14:30.479 [http-nio-8080-exec-2] DEBUG com.csdj.lyn.mapper.OrderformMapper.findOrderForm - <==      Total: 2
2019-12-18 08:14:31.057 [http-nio-8080-exec-3] DEBUG com.csdj.lyn.mapper.OrderformMapper.findOrderForm - ==>  Preparing: SELECT * FROM `orderform` a,`orderdetailed` b WHERE a.`did`=b.`mdid` and a.start = ? 
2019-12-18 08:14:31.058 [http-nio-8080-exec-3] DEBUG com.csdj.lyn.mapper.OrderformMapper.findOrderForm - ==> Parameters: 已完成(String)
2019-12-18 08:14:31.060 [http-nio-8080-exec-3] DEBUG com.csdj.lyn.mapper.OrderformMapper.findOrderForm - <==      Total: 1
2019-12-18 08:14:31.697 [http-nio-8080-exec-4] DEBUG com.csdj.lyn.mapper.OrderformMapper.findOrderForm - ==>  Preparing: SELECT * FROM `orderform` a,`orderdetailed` b WHERE a.`did`=b.`mdid` and a.start = ? 
2019-12-18 08:14:31.698 [http-nio-8080-exec-4] DEBUG com.csdj.lyn.mapper.OrderformMapper.findOrderForm - ==> Parameters: 待收货(String)
2019-12-18 08:14:31.700 [http-nio-8080-exec-4] DEBUG com.csdj.lyn.mapper.OrderformMapper.findOrderForm - <==      Total: 2
2019-12-18 08:14:32.472 [http-nio-8080-exec-5] DEBUG com.csdj.lyn.mapper.OrderformMapper.findOrderForm - ==>  Preparing: SELECT * FROM `orderform` a,`orderdetailed` b WHERE a.`did`=b.`mdid` and a.start = ? 
2019-12-18 08:14:32.472 [http-nio-8080-exec-5] DEBUG com.csdj.lyn.mapper.OrderformMapper.findOrderForm - ==> Parameters: 待发货(String)
2019-12-18 08:14:32.474 [http-nio-8080-exec-5] DEBUG com.csdj.lyn.mapper.OrderformMapper.findOrderForm - <==      Total: 2
2019-12-18 08:14:33.308 [http-nio-8080-exec-6] DEBUG com.csdj.lyn.mapper.OrderformMapper.findOrderForm - ==>  Preparing: SELECT * FROM `orderform` a,`orderdetailed` b WHERE a.`did`=b.`mdid` and a.start = ? 
2019-12-18 08:14:33.309 [http-nio-8080-exec-6] DEBUG com.csdj.lyn.mapper.OrderformMapper.findOrderForm - ==> Parameters: 待付款(String)
2019-12-18 08:14:33.313 [http-nio-8080-exec-6] DEBUG com.csdj.lyn.mapper.OrderformMapper.findOrderForm - <==      Total: 1
2019-12-18 08:14:33.839 [http-nio-8080-exec-7] DEBUG com.csdj.lyn.mapper.OrderformMapper.findOrderForm - ==>  Preparing: SELECT * FROM `orderform` a,`orderdetailed` b WHERE a.`did`=b.`mdid` 
2019-12-18 08:14:33.840 [http-nio-8080-exec-7] DEBUG com.csdj.lyn.mapper.OrderformMapper.findOrderForm - ==> Parameters: 
2019-12-18 08:14:33.844 [http-nio-8080-exec-7] DEBUG com.csdj.lyn.mapper.OrderformMapper.findOrderForm - <==      Total: 6
2019-12-18 08:41:59.252 [http-nio-8080-exec-9] DEBUG com.csdj.lyn.mapper.OrderformMapper.findOrderForm - ==>  Preparing: SELECT * FROM `orderform` a,`orderdetailed` b WHERE a.`did`=b.`mdid` 
2019-12-18 08:41:59.257 [http-nio-8080-exec-9] DEBUG com.csdj.lyn.mapper.OrderformMapper.findOrderForm - ==> Parameters: 
2019-12-18 08:41:59.268 [http-nio-8080-exec-9] DEBUG com.csdj.lyn.mapper.OrderformMapper.findOrderForm - <==      Total: 6
2019-12-18 08:42:00.637 [http-nio-8080-exec-10] DEBUG com.csdj.lyn.mapper.OrderformMapper.findOrderForm - ==>  Preparing: SELECT * FROM `orderform` a,`orderdetailed` b WHERE a.`did`=b.`mdid` and a.start = ? 
2019-12-18 08:42:00.638 [http-nio-8080-exec-10] DEBUG com.csdj.lyn.mapper.OrderformMapper.findOrderForm - ==> Parameters: 待付款(String)
2019-12-18 08:42:00.639 [http-nio-8080-exec-10] DEBUG com.csdj.lyn.mapper.OrderformMapper.findOrderForm - <==      Total: 1
2019-12-18 08:42:01.345 [http-nio-8080-exec-1] DEBUG com.csdj.lyn.mapper.OrderformMapper.findOrderForm - ==>  Preparing: SELECT * FROM `orderform` a,`orderdetailed` b WHERE a.`did`=b.`mdid` 
2019-12-18 08:42:01.346 [http-nio-8080-exec-1] DEBUG com.csdj.lyn.mapper.OrderformMapper.findOrderForm - ==> Parameters: 
2019-12-18 08:42:01.352 [http-nio-8080-exec-1] DEBUG com.csdj.lyn.mapper.OrderformMapper.findOrderForm - <==      Total: 6
2019-12-18 08:42:11.854 [http-nio-8080-exec-2] DEBUG com.csdj.lyn.mapper.OrderformMapper.findOrderForm - ==>  Preparing: SELECT * FROM `orderform` a,`orderdetailed` b WHERE a.`did`=b.`mdid` and a.start = ? 
2019-12-18 08:42:11.855 [http-nio-8080-exec-2] DEBUG com.csdj.lyn.mapper.OrderformMapper.findOrderForm - ==> Parameters: 待付款(String)
2019-12-18 08:42:11.856 [http-nio-8080-exec-2] DEBUG com.csdj.lyn.mapper.OrderformMapper.findOrderForm - <==      Total: 1
2019-12-18 08:42:12.107 [http-nio-8080-exec-3] DEBUG com.csdj.lyn.mapper.OrderformMapper.findOrderForm - ==>  Preparing: SELECT * FROM `orderform` a,`orderdetailed` b WHERE a.`did`=b.`mdid` and a.start = ? 
2019-12-18 08:42:12.110 [http-nio-8080-exec-3] DEBUG com.csdj.lyn.mapper.OrderformMapper.findOrderForm - ==> Parameters: 待付款(String)
2019-12-18 08:42:12.111 [http-nio-8080-exec-3] DEBUG com.csdj.lyn.mapper.OrderformMapper.findOrderForm - <==      Total: 1
2019-12-18 08:42:12.444 [http-nio-8080-exec-4] DEBUG com.csdj.lyn.mapper.OrderformMapper.findOrderForm - ==>  Preparing: SELECT * FROM `orderform` a,`orderdetailed` b WHERE a.`did`=b.`mdid` and a.start = ? 
2019-12-18 08:42:12.444 [http-nio-8080-exec-4] DEBUG com.csdj.lyn.mapper.OrderformMapper.findOrderForm - ==> Parameters: 待发货(String)
2019-12-18 08:42:12.445 [http-nio-8080-exec-4] DEBUG com.csdj.lyn.mapper.OrderformMapper.findOrderForm - <==      Total: 2
2019-12-18 08:42:12.945 [http-nio-8080-exec-5] DEBUG com.csdj.lyn.mapper.OrderformMapper.findOrderForm - ==>  Preparing: SELECT * FROM `orderform` a,`orderdetailed` b WHERE a.`did`=b.`mdid` and a.start = ? 
2019-12-18 08:42:12.946 [http-nio-8080-exec-5] DEBUG com.csdj.lyn.mapper.OrderformMapper.findOrderForm - ==> Parameters: 待发货(String)
2019-12-18 08:42:12.947 [http-nio-8080-exec-5] DEBUG com.csdj.lyn.mapper.OrderformMapper.findOrderForm - <==      Total: 2
2019-12-18 08:42:13.431 [http-nio-8080-exec-6] DEBUG com.csdj.lyn.mapper.OrderformMapper.findOrderForm - ==>  Preparing: SELECT * FROM `orderform` a,`orderdetailed` b WHERE a.`did`=b.`mdid` and a.start = ? 
2019-12-18 08:42:13.432 [http-nio-8080-exec-6] DEBUG com.csdj.lyn.mapper.OrderformMapper.findOrderForm - ==> Parameters: 待付款(String)
2019-12-18 08:42:13.434 [http-nio-8080-exec-6] DEBUG com.csdj.lyn.mapper.OrderformMapper.findOrderForm - <==      Total: 1
2019-12-18 08:42:13.776 [http-nio-8080-exec-7] DEBUG com.csdj.lyn.mapper.OrderformMapper.findOrderForm - ==>  Preparing: SELECT * FROM `orderform` a,`orderdetailed` b WHERE a.`did`=b.`mdid` 
2019-12-18 08:42:13.776 [http-nio-8080-exec-7] DEBUG com.csdj.lyn.mapper.OrderformMapper.findOrderForm - ==> Parameters: 
2019-12-18 08:42:13.779 [http-nio-8080-exec-7] DEBUG com.csdj.lyn.mapper.OrderformMapper.findOrderForm - <==      Total: 6
2019-12-18 08:43:49.603 [http-nio-8080-exec-9] DEBUG com.csdj.lyn.mapper.OrderformMapper.findOrderForm - ==>  Preparing: SELECT * FROM `orderform` a,`orderdetailed` b WHERE a.`did`=b.`mdid` 
2019-12-18 08:43:49.603 [http-nio-8080-exec-9] DEBUG com.csdj.lyn.mapper.OrderformMapper.findOrderForm - ==> Parameters: 
2019-12-18 08:43:49.608 [http-nio-8080-exec-9] DEBUG com.csdj.lyn.mapper.OrderformMapper.findOrderForm - <==      Total: 6
2019-12-18 08:43:50.853 [http-nio-8080-exec-10] DEBUG com.csdj.lyn.mapper.OrderformMapper.findOrderForm - ==>  Preparing: SELECT * FROM `orderform` a,`orderdetailed` b WHERE a.`did`=b.`mdid` and a.start = ? 
2019-12-18 08:43:50.853 [http-nio-8080-exec-10] DEBUG com.csdj.lyn.mapper.OrderformMapper.findOrderForm - ==> Parameters: 待付款(String)
2019-12-18 08:43:50.855 [http-nio-8080-exec-10] DEBUG com.csdj.lyn.mapper.OrderformMapper.findOrderForm - <==      Total: 1
2019-12-18 08:43:51.293 [http-nio-8080-exec-1] DEBUG com.csdj.lyn.mapper.OrderformMapper.findOrderForm - ==>  Preparing: SELECT * FROM `orderform` a,`orderdetailed` b WHERE a.`did`=b.`mdid` 
2019-12-18 08:43:51.294 [http-nio-8080-exec-1] DEBUG com.csdj.lyn.mapper.OrderformMapper.findOrderForm - ==> Parameters: 
2019-12-18 08:43:51.295 [http-nio-8080-exec-1] DEBUG com.csdj.lyn.mapper.OrderformMapper.findOrderForm - <==      Total: 6
2019-12-18 08:43:51.876 [http-nio-8080-exec-2] DEBUG com.csdj.lyn.mapper.OrderformMapper.findOrderForm - ==>  Preparing: SELECT * FROM `orderform` a,`orderdetailed` b WHERE a.`did`=b.`mdid` and a.start = ? 
2019-12-18 08:43:51.876 [http-nio-8080-exec-2] DEBUG com.csdj.lyn.mapper.OrderformMapper.findOrderForm - ==> Parameters: 待发货(String)
2019-12-18 08:43:51.878 [http-nio-8080-exec-2] DEBUG com.csdj.lyn.mapper.OrderformMapper.findOrderForm - <==      Total: 2
2019-12-18 08:43:52.207 [http-nio-8080-exec-3] DEBUG com.csdj.lyn.mapper.OrderformMapper.findOrderForm - ==>  Preparing: SELECT * FROM `orderform` a,`orderdetailed` b WHERE a.`did`=b.`mdid` and a.start = ? 
2019-12-18 08:43:52.207 [http-nio-8080-exec-3] DEBUG com.csdj.lyn.mapper.OrderformMapper.findOrderForm - ==> Parameters: 待收货(String)
2019-12-18 08:43:52.208 [http-nio-8080-exec-3] DEBUG com.csdj.lyn.mapper.OrderformMapper.findOrderForm - <==      Total: 2
2019-12-18 08:43:52.466 [http-nio-8080-exec-4] DEBUG com.csdj.lyn.mapper.OrderformMapper.findOrderForm - ==>  Preparing: SELECT * FROM `orderform` a,`orderdetailed` b WHERE a.`did`=b.`mdid` and a.start = ? 
2019-12-18 08:43:52.466 [http-nio-8080-exec-4] DEBUG com.csdj.lyn.mapper.OrderformMapper.findOrderForm - ==> Parameters: 待收货(String)
2019-12-18 08:43:52.467 [http-nio-8080-exec-4] DEBUG com.csdj.lyn.mapper.OrderformMapper.findOrderForm - <==      Total: 2
2019-12-18 08:43:52.774 [http-nio-8080-exec-5] DEBUG com.csdj.lyn.mapper.OrderformMapper.findOrderForm - ==>  Preparing: SELECT * FROM `orderform` a,`orderdetailed` b WHERE a.`did`=b.`mdid` and a.start = ? 
2019-12-18 08:43:52.774 [http-nio-8080-exec-5] DEBUG com.csdj.lyn.mapper.OrderformMapper.findOrderForm - ==> Parameters: 已完成(String)
2019-12-18 08:43:52.776 [http-nio-8080-exec-5] DEBUG com.csdj.lyn.mapper.OrderformMapper.findOrderForm - <==      Total: 1
2019-12-18 08:43:53.248 [http-nio-8080-exec-6] DEBUG com.csdj.lyn.mapper.OrderformMapper.findOrderForm - ==>  Preparing: SELECT * FROM `orderform` a,`orderdetailed` b WHERE a.`did`=b.`mdid` and a.start = ? 
2019-12-18 08:43:53.248 [http-nio-8080-exec-6] DEBUG com.csdj.lyn.mapper.OrderformMapper.findOrderForm - ==> Parameters: 待发货(String)
2019-12-18 08:43:53.249 [http-nio-8080-exec-6] DEBUG com.csdj.lyn.mapper.OrderformMapper.findOrderForm - <==      Total: 2
2019-12-18 08:43:53.571 [http-nio-8080-exec-7] DEBUG com.csdj.lyn.mapper.OrderformMapper.findOrderForm - ==>  Preparing: SELECT * FROM `orderform` a,`orderdetailed` b WHERE a.`did`=b.`mdid` and a.start = ? 
2019-12-18 08:43:53.572 [http-nio-8080-exec-7] DEBUG com.csdj.lyn.mapper.OrderformMapper.findOrderForm - ==> Parameters: 待收货(String)
2019-12-18 08:43:53.573 [http-nio-8080-exec-7] DEBUG com.csdj.lyn.mapper.OrderformMapper.findOrderForm - <==      Total: 2
2019-12-18 08:43:53.839 [http-nio-8080-exec-8] DEBUG com.csdj.lyn.mapper.OrderformMapper.findOrderForm - ==>  Preparing: SELECT * FROM `orderform` a,`orderdetailed` b WHERE a.`did`=b.`mdid` and a.start = ? 
2019-12-18 08:43:53.839 [http-nio-8080-exec-8] DEBUG com.csdj.lyn.mapper.OrderformMapper.findOrderForm - ==> Parameters: 待发货(String)
2019-12-18 08:43:53.840 [http-nio-8080-exec-8] DEBUG com.csdj.lyn.mapper.OrderformMapper.findOrderForm - <==      Total: 2
2019-12-18 08:43:54.120 [http-nio-8080-exec-9] DEBUG com.csdj.lyn.mapper.OrderformMapper.findOrderForm - ==>  Preparing: SELECT * FROM `orderform` a,`orderdetailed` b WHERE a.`did`=b.`mdid` and a.start = ? 
2019-12-18 08:43:54.121 [http-nio-8080-exec-9] DEBUG com.csdj.lyn.mapper.OrderformMapper.findOrderForm - ==> Parameters: 待付款(String)
2019-12-18 08:43:54.122 [http-nio-8080-exec-9] DEBUG com.csdj.lyn.mapper.OrderformMapper.findOrderForm - <==      Total: 1
2019-12-18 08:43:54.423 [http-nio-8080-exec-10] DEBUG com.csdj.lyn.mapper.OrderformMapper.findOrderForm - ==>  Preparing: SELECT * FROM `orderform` a,`orderdetailed` b WHERE a.`did`=b.`mdid` 
2019-12-18 08:43:54.423 [http-nio-8080-exec-10] DEBUG com.csdj.lyn.mapper.OrderformMapper.findOrderForm - ==> Parameters: 
2019-12-18 08:43:54.425 [http-nio-8080-exec-10] DEBUG com.csdj.lyn.mapper.OrderformMapper.findOrderForm - <==      Total: 6
2019-12-18 08:43:54.620 [http-nio-8080-exec-1] DEBUG com.csdj.lyn.mapper.OrderformMapper.findOrderForm - ==>  Preparing: SELECT * FROM `orderform` a,`orderdetailed` b WHERE a.`did`=b.`mdid` 
2019-12-18 08:43:54.621 [http-nio-8080-exec-1] DEBUG com.csdj.lyn.mapper.OrderformMapper.findOrderForm - ==> Parameters: 
2019-12-18 08:43:54.622 [http-nio-8080-exec-1] DEBUG com.csdj.lyn.mapper.OrderformMapper.findOrderForm - <==      Total: 6
2019-12-18 08:43:54.927 [http-nio-8080-exec-2] DEBUG com.csdj.lyn.mapper.OrderformMapper.findOrderForm - ==>  Preparing: SELECT * FROM `orderform` a,`orderdetailed` b WHERE a.`did`=b.`mdid` and a.start = ? 
2019-12-18 08:43:54.928 [http-nio-8080-exec-2] DEBUG com.csdj.lyn.mapper.OrderformMapper.findOrderForm - ==> Parameters: 待付款(String)
2019-12-18 08:43:54.929 [http-nio-8080-exec-2] DEBUG com.csdj.lyn.mapper.OrderformMapper.findOrderForm - <==      Total: 1
2019-12-18 08:43:55.194 [http-nio-8080-exec-3] DEBUG com.csdj.lyn.mapper.OrderformMapper.findOrderForm - ==>  Preparing: SELECT * FROM `orderform` a,`orderdetailed` b WHERE a.`did`=b.`mdid` and a.start = ? 
2019-12-18 08:43:55.194 [http-nio-8080-exec-3] DEBUG com.csdj.lyn.mapper.OrderformMapper.findOrderForm - ==> Parameters: 待发货(String)
2019-12-18 08:43:55.196 [http-nio-8080-exec-3] DEBUG com.csdj.lyn.mapper.OrderformMapper.findOrderForm - <==      Total: 2
2019-12-18 08:43:55.439 [http-nio-8080-exec-4] DEBUG com.csdj.lyn.mapper.OrderformMapper.findOrderForm - ==>  Preparing: SELECT * FROM `orderform` a,`orderdetailed` b WHERE a.`did`=b.`mdid` and a.start = ? 
2019-12-18 08:43:55.439 [http-nio-8080-exec-4] DEBUG com.csdj.lyn.mapper.OrderformMapper.findOrderForm - ==> Parameters: 待付款(String)
2019-12-18 08:43:55.441 [http-nio-8080-exec-4] DEBUG com.csdj.lyn.mapper.OrderformMapper.findOrderForm - <==      Total: 1
2019-12-18 08:45:04.014 [http-nio-8080-exec-6] DEBUG com.csdj.lyn.mapper.OrderformMapper.findOrderForm - ==>  Preparing: SELECT * FROM `orderform` a,`orderdetailed` b WHERE a.`did`=b.`mdid` 
2019-12-18 08:45:04.015 [http-nio-8080-exec-6] DEBUG com.csdj.lyn.mapper.OrderformMapper.findOrderForm - ==> Parameters: 
2019-12-18 08:45:04.031 [http-nio-8080-exec-6] DEBUG com.csdj.lyn.mapper.OrderformMapper.findOrderForm - <==      Total: 6
2019-12-18 08:45:05.017 [http-nio-8080-exec-7] DEBUG com.csdj.lyn.mapper.OrderformMapper.findOrderForm - ==>  Preparing: SELECT * FROM `orderform` a,`orderdetailed` b WHERE a.`did`=b.`mdid` and a.start = ? 
2019-12-18 08:45:05.017 [http-nio-8080-exec-7] DEBUG com.csdj.lyn.mapper.OrderformMapper.findOrderForm - ==> Parameters: 待付款(String)
2019-12-18 08:45:05.018 [http-nio-8080-exec-7] DEBUG com.csdj.lyn.mapper.OrderformMapper.findOrderForm - <==      Total: 1
2019-12-18 08:45:05.316 [http-nio-8080-exec-8] DEBUG com.csdj.lyn.mapper.OrderformMapper.findOrderForm - ==>  Preparing: SELECT * FROM `orderform` a,`orderdetailed` b WHERE a.`did`=b.`mdid` 
2019-12-18 08:45:05.317 [http-nio-8080-exec-8] DEBUG com.csdj.lyn.mapper.OrderformMapper.findOrderForm - ==> Parameters: 
2019-12-18 08:45:05.319 [http-nio-8080-exec-8] DEBUG com.csdj.lyn.mapper.OrderformMapper.findOrderForm - <==      Total: 6
2019-12-18 08:45:18.211 [http-nio-8080-exec-9] DEBUG com.csdj.lyn.mapper.OrderformMapper.findOrderForm - ==>  Preparing: SELECT * FROM `orderform` a,`orderdetailed` b WHERE a.`did`=b.`mdid` and a.start = ? 
2019-12-18 08:45:18.211 [http-nio-8080-exec-9] DEBUG com.csdj.lyn.mapper.OrderformMapper.findOrderForm - ==> Parameters: 已完成(String)
2019-12-18 08:45:18.213 [http-nio-8080-exec-9] DEBUG com.csdj.lyn.mapper.OrderformMapper.findOrderForm - <==      Total: 1
2019-12-18 08:45:18.573 [http-nio-8080-exec-10] DEBUG com.csdj.lyn.mapper.OrderformMapper.findOrderForm - ==>  Preparing: SELECT * FROM `orderform` a,`orderdetailed` b WHERE a.`did`=b.`mdid` and a.start = ? 
2019-12-18 08:45:18.574 [http-nio-8080-exec-10] DEBUG com.csdj.lyn.mapper.OrderformMapper.findOrderForm - ==> Parameters: 待收货(String)
2019-12-18 08:45:18.575 [http-nio-8080-exec-10] DEBUG com.csdj.lyn.mapper.OrderformMapper.findOrderForm - <==      Total: 2
2019-12-18 08:45:18.900 [http-nio-8080-exec-1] DEBUG com.csdj.lyn.mapper.OrderformMapper.findOrderForm - ==>  Preparing: SELECT * FROM `orderform` a,`orderdetailed` b WHERE a.`did`=b.`mdid` and a.start = ? 
2019-12-18 08:45:18.900 [http-nio-8080-exec-1] DEBUG com.csdj.lyn.mapper.OrderformMapper.findOrderForm - ==> Parameters: 待发货(String)
2019-12-18 08:45:18.901 [http-nio-8080-exec-1] DEBUG com.csdj.lyn.mapper.OrderformMapper.findOrderForm - <==      Total: 2
2019-12-18 08:45:19.158 [http-nio-8080-exec-2] DEBUG com.csdj.lyn.mapper.OrderformMapper.findOrderForm - ==>  Preparing: SELECT * FROM `orderform` a,`orderdetailed` b WHERE a.`did`=b.`mdid` and a.start = ? 
2019-12-18 08:45:19.159 [http-nio-8080-exec-2] DEBUG com.csdj.lyn.mapper.OrderformMapper.findOrderForm - ==> Parameters: 待付款(String)
2019-12-18 08:45:19.160 [http-nio-8080-exec-2] DEBUG com.csdj.lyn.mapper.OrderformMapper.findOrderForm - <==      Total: 1
2019-12-18 08:45:19.342 [http-nio-8080-exec-3] DEBUG com.csdj.lyn.mapper.OrderformMapper.findOrderForm - ==>  Preparing: SELECT * FROM `orderform` a,`orderdetailed` b WHERE a.`did`=b.`mdid` and a.start = ? 
2019-12-18 08:45:19.342 [http-nio-8080-exec-3] DEBUG com.csdj.lyn.mapper.OrderformMapper.findOrderForm - ==> Parameters: 待付款(String)
2019-12-18 08:45:19.344 [http-nio-8080-exec-3] DEBUG com.csdj.lyn.mapper.OrderformMapper.findOrderForm - <==      Total: 1
2019-12-18 08:45:19.640 [http-nio-8080-exec-4] DEBUG com.csdj.lyn.mapper.OrderformMapper.findOrderForm - ==>  Preparing: SELECT * FROM `orderform` a,`orderdetailed` b WHERE a.`did`=b.`mdid` 
2019-12-18 08:45:19.640 [http-nio-8080-exec-4] DEBUG com.csdj.lyn.mapper.OrderformMapper.findOrderForm - ==> Parameters: 
2019-12-18 08:45:19.641 [http-nio-8080-exec-4] DEBUG com.csdj.lyn.mapper.OrderformMapper.findOrderForm - <==      Total: 6
2019-12-18 08:46:07.479 [http-nio-8080-exec-5] DEBUG com.csdj.lyn.mapper.OrderformMapper.findOrderForm - ==>  Preparing: SELECT * FROM `orderform` a,`orderdetailed` b WHERE a.`did`=b.`mdid` and a.start = ? 
2019-12-18 08:46:07.480 [http-nio-8080-exec-5] DEBUG com.csdj.lyn.mapper.OrderformMapper.findOrderForm - ==> Parameters: 待付款(String)
2019-12-18 08:46:07.481 [http-nio-8080-exec-5] DEBUG com.csdj.lyn.mapper.OrderformMapper.findOrderForm - <==      Total: 1
2019-12-18 08:46:07.904 [http-nio-8080-exec-6] DEBUG com.csdj.lyn.mapper.OrderformMapper.findOrderForm - ==>  Preparing: SELECT * FROM `orderform` a,`orderdetailed` b WHERE a.`did`=b.`mdid` and a.start = ? 
2019-12-18 08:46:07.904 [http-nio-8080-exec-6] DEBUG com.csdj.lyn.mapper.OrderformMapper.findOrderForm - ==> Parameters: 待发货(String)
2019-12-18 08:46:07.906 [http-nio-8080-exec-6] DEBUG com.csdj.lyn.mapper.OrderformMapper.findOrderForm - <==      Total: 2
2019-12-18 08:46:08.425 [http-nio-8080-exec-7] DEBUG com.csdj.lyn.mapper.OrderformMapper.findOrderForm - ==>  Preparing: SELECT * FROM `orderform` a,`orderdetailed` b WHERE a.`did`=b.`mdid` and a.start = ? 
2019-12-18 08:46:08.426 [http-nio-8080-exec-7] DEBUG com.csdj.lyn.mapper.OrderformMapper.findOrderForm - ==> Parameters: 待收货(String)
2019-12-18 08:46:08.427 [http-nio-8080-exec-7] DEBUG com.csdj.lyn.mapper.OrderformMapper.findOrderForm - <==      Total: 2
2019-12-18 08:46:08.773 [http-nio-8080-exec-8] DEBUG com.csdj.lyn.mapper.OrderformMapper.findOrderForm - ==>  Preparing: SELECT * FROM `orderform` a,`orderdetailed` b WHERE a.`did`=b.`mdid` and a.start = ? 
2019-12-18 08:46:08.774 [http-nio-8080-exec-8] DEBUG com.csdj.lyn.mapper.OrderformMapper.findOrderForm - ==> Parameters: 已完成(String)
2019-12-18 08:46:08.776 [http-nio-8080-exec-8] DEBUG com.csdj.lyn.mapper.OrderformMapper.findOrderForm - <==      Total: 1
2019-12-18 08:46:09.063 [http-nio-8080-exec-9] DEBUG com.csdj.lyn.mapper.OrderformMapper.findOrderForm - ==>  Preparing: SELECT * FROM `orderform` a,`orderdetailed` b WHERE a.`did`=b.`mdid` and a.start = ? 
2019-12-18 08:46:09.063 [http-nio-8080-exec-9] DEBUG com.csdj.lyn.mapper.OrderformMapper.findOrderForm - ==> Parameters: 待收货(String)
2019-12-18 08:46:09.065 [http-nio-8080-exec-9] DEBUG com.csdj.lyn.mapper.OrderformMapper.findOrderForm - <==      Total: 2
2019-12-18 08:46:09.359 [http-nio-8080-exec-10] DEBUG com.csdj.lyn.mapper.OrderformMapper.findOrderForm - ==>  Preparing: SELECT * FROM `orderform` a,`orderdetailed` b WHERE a.`did`=b.`mdid` and a.start = ? 
2019-12-18 08:46:09.360 [http-nio-8080-exec-10] DEBUG com.csdj.lyn.mapper.OrderformMapper.findOrderForm - ==> Parameters: 待发货(String)
2019-12-18 08:46:09.360 [http-nio-8080-exec-10] DEBUG com.csdj.lyn.mapper.OrderformMapper.findOrderForm - <==      Total: 2
2019-12-18 08:46:09.762 [http-nio-8080-exec-1] DEBUG com.csdj.lyn.mapper.OrderformMapper.findOrderForm - ==>  Preparing: SELECT * FROM `orderform` a,`orderdetailed` b WHERE a.`did`=b.`mdid` and a.start = ? 
2019-12-18 08:46:09.762 [http-nio-8080-exec-1] DEBUG com.csdj.lyn.mapper.OrderformMapper.findOrderForm - ==> Parameters: 待付款(String)
2019-12-18 08:46:09.763 [http-nio-8080-exec-1] DEBUG com.csdj.lyn.mapper.OrderformMapper.findOrderForm - <==      Total: 1
2019-12-18 08:46:10.058 [http-nio-8080-exec-2] DEBUG com.csdj.lyn.mapper.OrderformMapper.findOrderForm - ==>  Preparing: SELECT * FROM `orderform` a,`orderdetailed` b WHERE a.`did`=b.`mdid` and a.start = ? 
2019-12-18 08:46:10.059 [http-nio-8080-exec-2] DEBUG com.csdj.lyn.mapper.OrderformMapper.findOrderForm - ==> Parameters: 待付款(String)
2019-12-18 08:46:10.059 [http-nio-8080-exec-2] DEBUG com.csdj.lyn.mapper.OrderformMapper.findOrderForm - <==      Total: 1
2019-12-18 08:48:12.244 [http-nio-8080-exec-4] DEBUG com.csdj.lyn.mapper.OrderformMapper.findOrderForm - ==>  Preparing: SELECT * FROM `orderform` a,`orderdetailed` b WHERE a.`did`=b.`mdid` 
2019-12-18 08:48:12.245 [http-nio-8080-exec-4] DEBUG com.csdj.lyn.mapper.OrderformMapper.findOrderForm - ==> Parameters: 
2019-12-18 08:48:12.247 [http-nio-8080-exec-4] DEBUG com.csdj.lyn.mapper.OrderformMapper.findOrderForm - <==      Total: 6
2019-12-18 08:48:13.438 [http-nio-8080-exec-5] DEBUG com.csdj.lyn.mapper.OrderformMapper.findOrderForm - ==>  Preparing: SELECT * FROM `orderform` a,`orderdetailed` b WHERE a.`did`=b.`mdid` and a.start = ? 
2019-12-18 08:48:13.439 [http-nio-8080-exec-5] DEBUG com.csdj.lyn.mapper.OrderformMapper.findOrderForm - ==> Parameters: 待付款(String)
2019-12-18 08:48:13.440 [http-nio-8080-exec-5] DEBUG com.csdj.lyn.mapper.OrderformMapper.findOrderForm - <==      Total: 1
2019-12-18 08:48:13.814 [http-nio-8080-exec-6] DEBUG com.csdj.lyn.mapper.OrderformMapper.findOrderForm - ==>  Preparing: SELECT * FROM `orderform` a,`orderdetailed` b WHERE a.`did`=b.`mdid` 
2019-12-18 08:48:13.814 [http-nio-8080-exec-6] DEBUG com.csdj.lyn.mapper.OrderformMapper.findOrderForm - ==> Parameters: 
2019-12-18 08:48:13.816 [http-nio-8080-exec-6] DEBUG com.csdj.lyn.mapper.OrderformMapper.findOrderForm - <==      Total: 6
2019-12-18 08:48:41.812 [http-nio-8080-exec-7] DEBUG com.csdj.lyn.mapper.OrderformMapper.findOrderForm - ==>  Preparing: SELECT * FROM `orderform` a,`orderdetailed` b WHERE a.`did`=b.`mdid` 
2019-12-18 08:48:41.813 [http-nio-8080-exec-7] DEBUG com.csdj.lyn.mapper.OrderformMapper.findOrderForm - ==> Parameters: 
2019-12-18 08:48:41.815 [http-nio-8080-exec-7] DEBUG com.csdj.lyn.mapper.OrderformMapper.findOrderForm - <==      Total: 6
2019-12-18 08:48:43.040 [http-nio-8080-exec-8] DEBUG com.csdj.lyn.mapper.OrderformMapper.findOrderForm - ==>  Preparing: SELECT * FROM `orderform` a,`orderdetailed` b WHERE a.`did`=b.`mdid` and a.start = ? 
2019-12-18 08:48:43.041 [http-nio-8080-exec-8] DEBUG com.csdj.lyn.mapper.OrderformMapper.findOrderForm - ==> Parameters: 待付款(String)
2019-12-18 08:48:43.042 [http-nio-8080-exec-8] DEBUG com.csdj.lyn.mapper.OrderformMapper.findOrderForm - <==      Total: 1
2019-12-18 08:48:43.717 [http-nio-8080-exec-9] DEBUG com.csdj.lyn.mapper.OrderformMapper.findOrderForm - ==>  Preparing: SELECT * FROM `orderform` a,`orderdetailed` b WHERE a.`did`=b.`mdid` and a.start = ? 
2019-12-18 08:48:43.718 [http-nio-8080-exec-9] DEBUG com.csdj.lyn.mapper.OrderformMapper.findOrderForm - ==> Parameters: 待发货(String)
2019-12-18 08:48:43.719 [http-nio-8080-exec-9] DEBUG com.csdj.lyn.mapper.OrderformMapper.findOrderForm - <==      Total: 2
2019-12-18 08:48:44.283 [http-nio-8080-exec-10] DEBUG com.csdj.lyn.mapper.OrderformMapper.findOrderForm - ==>  Preparing: SELECT * FROM `orderform` a,`orderdetailed` b WHERE a.`did`=b.`mdid` and a.start = ? 
2019-12-18 08:48:44.284 [http-nio-8080-exec-10] DEBUG com.csdj.lyn.mapper.OrderformMapper.findOrderForm - ==> Parameters: 待收货(String)
2019-12-18 08:48:44.285 [http-nio-8080-exec-10] DEBUG com.csdj.lyn.mapper.OrderformMapper.findOrderForm - <==      Total: 2
2019-12-18 08:48:44.622 [http-nio-8080-exec-1] DEBUG com.csdj.lyn.mapper.OrderformMapper.findOrderForm - ==>  Preparing: SELECT * FROM `orderform` a,`orderdetailed` b WHERE a.`did`=b.`mdid` and a.start = ? 
2019-12-18 08:48:44.622 [http-nio-8080-exec-1] DEBUG com.csdj.lyn.mapper.OrderformMapper.findOrderForm - ==> Parameters: 已完成(String)
2019-12-18 08:48:44.623 [http-nio-8080-exec-1] DEBUG com.csdj.lyn.mapper.OrderformMapper.findOrderForm - <==      Total: 1
2019-12-18 08:48:45.337 [http-nio-8080-exec-2] DEBUG com.csdj.lyn.mapper.OrderformMapper.findOrderForm - ==>  Preparing: SELECT * FROM `orderform` a,`orderdetailed` b WHERE a.`did`=b.`mdid` and a.start = ? 
2019-12-18 08:48:45.337 [http-nio-8080-exec-2] DEBUG com.csdj.lyn.mapper.OrderformMapper.findOrderForm - ==> Parameters: 待发货(String)
2019-12-18 08:48:45.338 [http-nio-8080-exec-2] DEBUG com.csdj.lyn.mapper.OrderformMapper.findOrderForm - <==      Total: 2
2019-12-18 08:48:45.749 [http-nio-8080-exec-3] DEBUG com.csdj.lyn.mapper.OrderformMapper.findOrderForm - ==>  Preparing: SELECT * FROM `orderform` a,`orderdetailed` b WHERE a.`did`=b.`mdid` and a.start = ? 
2019-12-18 08:48:45.749 [http-nio-8080-exec-3] DEBUG com.csdj.lyn.mapper.OrderformMapper.findOrderForm - ==> Parameters: 待付款(String)
2019-12-18 08:48:45.750 [http-nio-8080-exec-3] DEBUG com.csdj.lyn.mapper.OrderformMapper.findOrderForm - <==      Total: 1
2019-12-18 08:48:46.338 [http-nio-8080-exec-4] DEBUG com.csdj.lyn.mapper.OrderformMapper.findOrderForm - ==>  Preparing: SELECT * FROM `orderform` a,`orderdetailed` b WHERE a.`did`=b.`mdid` 
2019-12-18 08:48:46.338 [http-nio-8080-exec-4] DEBUG com.csdj.lyn.mapper.OrderformMapper.findOrderForm - ==> Parameters: 
2019-12-18 08:48:46.340 [http-nio-8080-exec-4] DEBUG com.csdj.lyn.mapper.OrderformMapper.findOrderForm - <==      Total: 6
2019-12-18 08:54:16.838 [http-nio-8080-exec-6] DEBUG com.csdj.lyn.mapper.OrderformMapper.findOrderForm - ==>  Preparing: SELECT * FROM `orderform` a,`orderdetailed` b WHERE a.`did`=b.`mdid` 
2019-12-18 08:54:16.839 [http-nio-8080-exec-6] DEBUG com.csdj.lyn.mapper.OrderformMapper.findOrderForm - ==> Parameters: 
2019-12-18 08:54:16.842 [http-nio-8080-exec-6] DEBUG com.csdj.lyn.mapper.OrderformMapper.findOrderForm - <==      Total: 6
2019-12-18 08:54:18.172 [http-nio-8080-exec-7] DEBUG com.csdj.lyn.mapper.OrderformMapper.findOrderForm - ==>  Preparing: SELECT * FROM `orderform` a,`orderdetailed` b WHERE a.`did`=b.`mdid` 
2019-12-18 08:54:18.172 [http-nio-8080-exec-7] DEBUG com.csdj.lyn.mapper.OrderformMapper.findOrderForm - ==> Parameters: 
2019-12-18 08:54:18.173 [http-nio-8080-exec-7] DEBUG com.csdj.lyn.mapper.OrderformMapper.findOrderForm - <==      Total: 6
2019-12-18 08:54:20.295 [http-nio-8080-exec-8] DEBUG com.csdj.lyn.mapper.OrderformMapper.findOrderForm - ==>  Preparing: SELECT * FROM `orderform` a,`orderdetailed` b WHERE a.`did`=b.`mdid` 
2019-12-18 08:54:20.296 [http-nio-8080-exec-8] DEBUG com.csdj.lyn.mapper.OrderformMapper.findOrderForm - ==> Parameters: 
2019-12-18 08:54:20.297 [http-nio-8080-exec-8] DEBUG com.csdj.lyn.mapper.OrderformMapper.findOrderForm - <==      Total: 6
2019-12-18 08:54:21.042 [http-nio-8080-exec-9] DEBUG com.csdj.lyn.mapper.OrderformMapper.findOrderForm - ==>  Preparing: SELECT * FROM `orderform` a,`orderdetailed` b WHERE a.`did`=b.`mdid` and a.start = ? 
2019-12-18 08:54:21.042 [http-nio-8080-exec-9] DEBUG com.csdj.lyn.mapper.OrderformMapper.findOrderForm - ==> Parameters: 待付款(String)
2019-12-18 08:54:21.044 [http-nio-8080-exec-9] DEBUG com.csdj.lyn.mapper.OrderformMapper.findOrderForm - <==      Total: 1
2019-12-18 08:54:21.811 [http-nio-8080-exec-10] DEBUG com.csdj.lyn.mapper.OrderformMapper.findOrderForm - ==>  Preparing: SELECT * FROM `orderform` a,`orderdetailed` b WHERE a.`did`=b.`mdid` 
2019-12-18 08:54:21.812 [http-nio-8080-exec-10] DEBUG com.csdj.lyn.mapper.OrderformMapper.findOrderForm - ==> Parameters: 
2019-12-18 08:54:21.813 [http-nio-8080-exec-10] DEBUG com.csdj.lyn.mapper.OrderformMapper.findOrderForm - <==      Total: 6
2019-12-18 08:56:13.718 [http-nio-8080-exec-2] DEBUG com.csdj.lyn.mapper.OrderformMapper.findOrderForm - ==>  Preparing: SELECT * FROM `orderform` a,`orderdetailed` b WHERE a.`did`=b.`mdid` 
2019-12-18 08:56:13.718 [http-nio-8080-exec-2] DEBUG com.csdj.lyn.mapper.OrderformMapper.findOrderForm - ==> Parameters: 
2019-12-18 08:56:13.721 [http-nio-8080-exec-2] DEBUG com.csdj.lyn.mapper.OrderformMapper.findOrderForm - <==      Total: 6
2019-12-18 08:56:14.814 [http-nio-8080-exec-3] DEBUG com.csdj.lyn.mapper.OrderformMapper.findOrderForm - ==>  Preparing: SELECT * FROM `orderform` a,`orderdetailed` b WHERE a.`did`=b.`mdid` 
2019-12-18 08:56:14.814 [http-nio-8080-exec-3] DEBUG com.csdj.lyn.mapper.OrderformMapper.findOrderForm - ==> Parameters: 
2019-12-18 08:56:14.815 [http-nio-8080-exec-3] DEBUG com.csdj.lyn.mapper.OrderformMapper.findOrderForm - <==      Total: 6
2019-12-18 08:56:15.845 [http-nio-8080-exec-4] DEBUG com.csdj.lyn.mapper.OrderformMapper.findOrderForm - ==>  Preparing: SELECT * FROM `orderform` a,`orderdetailed` b WHERE a.`did`=b.`mdid` 
2019-12-18 08:56:15.846 [http-nio-8080-exec-4] DEBUG com.csdj.lyn.mapper.OrderformMapper.findOrderForm - ==> Parameters: 
2019-12-18 08:56:15.848 [http-nio-8080-exec-4] DEBUG com.csdj.lyn.mapper.OrderformMapper.findOrderForm - <==      Total: 6
2019-12-18 08:56:16.073 [http-nio-8080-exec-5] DEBUG com.csdj.lyn.mapper.OrderformMapper.findOrderForm - ==>  Preparing: SELECT * FROM `orderform` a,`orderdetailed` b WHERE a.`did`=b.`mdid` 
2019-12-18 08:56:16.073 [http-nio-8080-exec-5] DEBUG com.csdj.lyn.mapper.OrderformMapper.findOrderForm - ==> Parameters: 
2019-12-18 08:56:16.074 [http-nio-8080-exec-5] DEBUG com.csdj.lyn.mapper.OrderformMapper.findOrderForm - <==      Total: 6
2019-12-18 08:56:16.264 [http-nio-8080-exec-6] DEBUG com.csdj.lyn.mapper.OrderformMapper.findOrderForm - ==>  Preparing: SELECT * FROM `orderform` a,`orderdetailed` b WHERE a.`did`=b.`mdid` 
2019-12-18 08:56:16.264 [http-nio-8080-exec-6] DEBUG com.csdj.lyn.mapper.OrderformMapper.findOrderForm - ==> Parameters: 
2019-12-18 08:56:16.265 [http-nio-8080-exec-6] DEBUG com.csdj.lyn.mapper.OrderformMapper.findOrderForm - <==      Total: 6
2019-12-18 08:56:16.455 [http-nio-8080-exec-7] DEBUG com.csdj.lyn.mapper.OrderformMapper.findOrderForm - ==>  Preparing: SELECT * FROM `orderform` a,`orderdetailed` b WHERE a.`did`=b.`mdid` 
2019-12-18 08:56:16.456 [http-nio-8080-exec-7] DEBUG com.csdj.lyn.mapper.OrderformMapper.findOrderForm - ==> Parameters: 
2019-12-18 08:56:16.457 [http-nio-8080-exec-7] DEBUG com.csdj.lyn.mapper.OrderformMapper.findOrderForm - <==      Total: 6
2019-12-18 08:56:16.656 [http-nio-8080-exec-8] DEBUG com.csdj.lyn.mapper.OrderformMapper.findOrderForm - ==>  Preparing: SELECT * FROM `orderform` a,`orderdetailed` b WHERE a.`did`=b.`mdid` 
2019-12-18 08:56:16.656 [http-nio-8080-exec-8] DEBUG com.csdj.lyn.mapper.OrderformMapper.findOrderForm - ==> Parameters: 
2019-12-18 08:56:16.658 [http-nio-8080-exec-8] DEBUG com.csdj.lyn.mapper.OrderformMapper.findOrderForm - <==      Total: 6
2019-12-18 08:56:16.854 [http-nio-8080-exec-9] DEBUG com.csdj.lyn.mapper.OrderformMapper.findOrderForm - ==>  Preparing: SELECT * FROM `orderform` a,`orderdetailed` b WHERE a.`did`=b.`mdid` 
2019-12-18 08:56:16.854 [http-nio-8080-exec-9] DEBUG com.csdj.lyn.mapper.OrderformMapper.findOrderForm - ==> Parameters: 
2019-12-18 08:56:16.855 [http-nio-8080-exec-9] DEBUG com.csdj.lyn.mapper.OrderformMapper.findOrderForm - <==      Total: 6
2019-12-18 08:56:58.740 [http-nio-8080-exec-10] DEBUG com.csdj.lyn.mapper.OrderformMapper.findOrderForm - ==>  Preparing: SELECT * FROM `orderform` a,`orderdetailed` b WHERE a.`did`=b.`mdid` 
2019-12-18 08:56:58.741 [http-nio-8080-exec-10] DEBUG com.csdj.lyn.mapper.OrderformMapper.findOrderForm - ==> Parameters: 
2019-12-18 08:56:58.743 [http-nio-8080-exec-10] DEBUG com.csdj.lyn.mapper.OrderformMapper.findOrderForm - <==      Total: 6
2019-12-18 08:57:53.250 [http-nio-8080-exec-1] DEBUG com.csdj.lyn.mapper.OrderformMapper.findOrderForm - ==>  Preparing: SELECT * FROM `orderform` a,`orderdetailed` b WHERE a.`did`=b.`mdid` 
2019-12-18 08:57:53.250 [http-nio-8080-exec-1] DEBUG com.csdj.lyn.mapper.OrderformMapper.findOrderForm - ==> Parameters: 
2019-12-18 08:57:53.251 [http-nio-8080-exec-1] DEBUG com.csdj.lyn.mapper.OrderformMapper.findOrderForm - <==      Total: 6
2019-12-18 08:57:54.590 [http-nio-8080-exec-2] DEBUG com.csdj.lyn.mapper.OrderformMapper.findOrderForm - ==>  Preparing: SELECT * FROM `orderform` a,`orderdetailed` b WHERE a.`did`=b.`mdid` 
2019-12-18 08:57:54.591 [http-nio-8080-exec-2] DEBUG com.csdj.lyn.mapper.OrderformMapper.findOrderForm - ==> Parameters: 
2019-12-18 08:57:54.592 [http-nio-8080-exec-2] DEBUG com.csdj.lyn.mapper.OrderformMapper.findOrderForm - <==      Total: 6
2019-12-18 08:57:55.117 [http-nio-8080-exec-3] DEBUG com.csdj.lyn.mapper.OrderformMapper.findOrderForm - ==>  Preparing: SELECT * FROM `orderform` a,`orderdetailed` b WHERE a.`did`=b.`mdid` 
2019-12-18 08:57:55.118 [http-nio-8080-exec-3] DEBUG com.csdj.lyn.mapper.OrderformMapper.findOrderForm - ==> Parameters: 
2019-12-18 08:57:55.119 [http-nio-8080-exec-3] DEBUG com.csdj.lyn.mapper.OrderformMapper.findOrderForm - <==      Total: 6
2019-12-18 08:57:55.348 [http-nio-8080-exec-4] DEBUG com.csdj.lyn.mapper.OrderformMapper.findOrderForm - ==>  Preparing: SELECT * FROM `orderform` a,`orderdetailed` b WHERE a.`did`=b.`mdid` 
2019-12-18 08:57:55.348 [http-nio-8080-exec-4] DEBUG com.csdj.lyn.mapper.OrderformMapper.findOrderForm - ==> Parameters: 
2019-12-18 08:57:55.349 [http-nio-8080-exec-4] DEBUG com.csdj.lyn.mapper.OrderformMapper.findOrderForm - <==      Total: 6
2019-12-18 08:58:38.283 [http-nio-8080-exec-5] DEBUG com.csdj.lyn.mapper.OrderformMapper.findOrderForm - ==>  Preparing: SELECT * FROM `orderform` a,`orderdetailed` b WHERE a.`did`=b.`mdid` 
2019-12-18 08:58:38.284 [http-nio-8080-exec-5] DEBUG com.csdj.lyn.mapper.OrderformMapper.findOrderForm - ==> Parameters: 
2019-12-18 08:58:38.285 [http-nio-8080-exec-5] DEBUG com.csdj.lyn.mapper.OrderformMapper.findOrderForm - <==      Total: 6
2019-12-18 08:58:39.621 [http-nio-8080-exec-6] DEBUG com.csdj.lyn.mapper.OrderformMapper.findOrderForm - ==>  Preparing: SELECT * FROM `orderform` a,`orderdetailed` b WHERE a.`did`=b.`mdid` 
2019-12-18 08:58:39.621 [http-nio-8080-exec-6] DEBUG com.csdj.lyn.mapper.OrderformMapper.findOrderForm - ==> Parameters: 
2019-12-18 08:58:39.623 [http-nio-8080-exec-6] DEBUG com.csdj.lyn.mapper.OrderformMapper.findOrderForm - <==      Total: 6
2019-12-18 08:58:40.210 [http-nio-8080-exec-7] DEBUG com.csdj.lyn.mapper.OrderformMapper.findOrderForm - ==>  Preparing: SELECT * FROM `orderform` a,`orderdetailed` b WHERE a.`did`=b.`mdid` 
2019-12-18 08:58:40.211 [http-nio-8080-exec-7] DEBUG com.csdj.lyn.mapper.OrderformMapper.findOrderForm - ==> Parameters: 
2019-12-18 08:58:40.212 [http-nio-8080-exec-7] DEBUG com.csdj.lyn.mapper.OrderformMapper.findOrderForm - <==      Total: 6
2019-12-18 08:58:40.481 [http-nio-8080-exec-8] DEBUG com.csdj.lyn.mapper.OrderformMapper.findOrderForm - ==>  Preparing: SELECT * FROM `orderform` a,`orderdetailed` b WHERE a.`did`=b.`mdid` 
2019-12-18 08:58:40.481 [http-nio-8080-exec-8] DEBUG com.csdj.lyn.mapper.OrderformMapper.findOrderForm - ==> Parameters: 
2019-12-18 08:58:40.482 [http-nio-8080-exec-8] DEBUG com.csdj.lyn.mapper.OrderformMapper.findOrderForm - <==      Total: 6
2019-12-18 08:58:40.741 [http-nio-8080-exec-9] DEBUG com.csdj.lyn.mapper.OrderformMapper.findOrderForm - ==>  Preparing: SELECT * FROM `orderform` a,`orderdetailed` b WHERE a.`did`=b.`mdid` 
2019-12-18 08:58:40.741 [http-nio-8080-exec-9] DEBUG com.csdj.lyn.mapper.OrderformMapper.findOrderForm - ==> Parameters: 
2019-12-18 08:58:40.743 [http-nio-8080-exec-9] DEBUG com.csdj.lyn.mapper.OrderformMapper.findOrderForm - <==      Total: 6
2019-12-18 09:01:06.379 [http-nio-8080-exec-1] DEBUG com.csdj.lyn.mapper.OrderformMapper.findOrderForm - ==>  Preparing: SELECT * FROM `orderform` a,`orderdetailed` b WHERE a.`did`=b.`mdid` 
2019-12-18 09:01:06.380 [http-nio-8080-exec-1] DEBUG com.csdj.lyn.mapper.OrderformMapper.findOrderForm - ==> Parameters: 
2019-12-18 09:01:06.381 [http-nio-8080-exec-1] DEBUG com.csdj.lyn.mapper.OrderformMapper.findOrderForm - <==      Total: 6
2019-12-18 09:01:25.852 [http-nio-8080-exec-2] DEBUG com.csdj.lyn.mapper.OrderformMapper.findOrderForm - ==>  Preparing: SELECT * FROM `orderform` a,`orderdetailed` b WHERE a.`did`=b.`mdid` 
2019-12-18 09:01:25.853 [http-nio-8080-exec-2] DEBUG com.csdj.lyn.mapper.OrderformMapper.findOrderForm - ==> Parameters: 
2019-12-18 09:01:25.855 [http-nio-8080-exec-2] DEBUG com.csdj.lyn.mapper.OrderformMapper.findOrderForm - <==      Total: 6
2019-12-18 09:03:05.073 [http-nio-8080-exec-4] DEBUG com.csdj.lyn.mapper.OrderformMapper.findOrderForm - ==>  Preparing: SELECT * FROM `orderform` a,`orderdetailed` b WHERE a.`did`=b.`mdid` 
2019-12-18 09:03:05.074 [http-nio-8080-exec-4] DEBUG com.csdj.lyn.mapper.OrderformMapper.findOrderForm - ==> Parameters: 
2019-12-18 09:03:05.076 [http-nio-8080-exec-4] DEBUG com.csdj.lyn.mapper.OrderformMapper.findOrderForm - <==      Total: 6
2019-12-18 09:03:06.152 [http-nio-8080-exec-5] DEBUG com.csdj.lyn.mapper.OrderformMapper.findOrderForm - ==>  Preparing: SELECT * FROM `orderform` a,`orderdetailed` b WHERE a.`did`=b.`mdid` and a.start = ? 
2019-12-18 09:03:06.153 [http-nio-8080-exec-5] DEBUG com.csdj.lyn.mapper.OrderformMapper.findOrderForm - ==> Parameters: 待付款(String)
2019-12-18 09:03:06.154 [http-nio-8080-exec-5] DEBUG com.csdj.lyn.mapper.OrderformMapper.findOrderForm - <==      Total: 1
2019-12-18 09:03:06.792 [http-nio-8080-exec-6] DEBUG com.csdj.lyn.mapper.OrderformMapper.findOrderForm - ==>  Preparing: SELECT * FROM `orderform` a,`orderdetailed` b WHERE a.`did`=b.`mdid` 
2019-12-18 09:03:06.792 [http-nio-8080-exec-6] DEBUG com.csdj.lyn.mapper.OrderformMapper.findOrderForm - ==> Parameters: 
2019-12-18 09:03:06.794 [http-nio-8080-exec-6] DEBUG com.csdj.lyn.mapper.OrderformMapper.findOrderForm - <==      Total: 6
2019-12-18 09:03:10.797 [http-nio-8080-exec-7] DEBUG com.csdj.lyn.mapper.OrderformMapper.findOrderForm - ==>  Preparing: SELECT * FROM `orderform` a,`orderdetailed` b WHERE a.`did`=b.`mdid` and a.start = ? 
2019-12-18 09:03:10.798 [http-nio-8080-exec-7] DEBUG com.csdj.lyn.mapper.OrderformMapper.findOrderForm - ==> Parameters: 待付款(String)
2019-12-18 09:03:10.810 [http-nio-8080-exec-7] DEBUG com.csdj.lyn.mapper.OrderformMapper.findOrderForm - <==      Total: 1
2019-12-18 09:03:11.131 [http-nio-8080-exec-8] DEBUG com.csdj.lyn.mapper.OrderformMapper.findOrderForm - ==>  Preparing: SELECT * FROM `orderform` a,`orderdetailed` b WHERE a.`did`=b.`mdid` and a.start = ? 
2019-12-18 09:03:11.131 [http-nio-8080-exec-8] DEBUG com.csdj.lyn.mapper.OrderformMapper.findOrderForm - ==> Parameters: 待发货(String)
2019-12-18 09:03:11.132 [http-nio-8080-exec-8] DEBUG com.csdj.lyn.mapper.OrderformMapper.findOrderForm - <==      Total: 2
2019-12-18 09:03:11.468 [http-nio-8080-exec-9] DEBUG com.csdj.lyn.mapper.OrderformMapper.findOrderForm - ==>  Preparing: SELECT * FROM `orderform` a,`orderdetailed` b WHERE a.`did`=b.`mdid` and a.start = ? 
2019-12-18 09:03:11.469 [http-nio-8080-exec-9] DEBUG com.csdj.lyn.mapper.OrderformMapper.findOrderForm - ==> Parameters: 待收货(String)
2019-12-18 09:03:11.470 [http-nio-8080-exec-9] DEBUG com.csdj.lyn.mapper.OrderformMapper.findOrderForm - <==      Total: 2
2019-12-18 09:03:11.756 [http-nio-8080-exec-10] DEBUG com.csdj.lyn.mapper.OrderformMapper.findOrderForm - ==>  Preparing: SELECT * FROM `orderform` a,`orderdetailed` b WHERE a.`did`=b.`mdid` and a.start = ? 
2019-12-18 09:03:11.756 [http-nio-8080-exec-10] DEBUG com.csdj.lyn.mapper.OrderformMapper.findOrderForm - ==> Parameters: 待收货(String)
2019-12-18 09:03:11.758 [http-nio-8080-exec-10] DEBUG com.csdj.lyn.mapper.OrderformMapper.findOrderForm - <==      Total: 2
2019-12-18 09:03:12.151 [http-nio-8080-exec-1] DEBUG com.csdj.lyn.mapper.OrderformMapper.findOrderForm - ==>  Preparing: SELECT * FROM `orderform` a,`orderdetailed` b WHERE a.`did`=b.`mdid` and a.start = ? 
2019-12-18 09:03:12.151 [http-nio-8080-exec-1] DEBUG com.csdj.lyn.mapper.OrderformMapper.findOrderForm - ==> Parameters: 已完成(String)
2019-12-18 09:03:12.152 [http-nio-8080-exec-1] DEBUG com.csdj.lyn.mapper.OrderformMapper.findOrderForm - <==      Total: 1
2019-12-18 09:03:12.430 [http-nio-8080-exec-2] DEBUG com.csdj.lyn.mapper.OrderformMapper.findOrderForm - ==>  Preparing: SELECT * FROM `orderform` a,`orderdetailed` b WHERE a.`did`=b.`mdid` and a.start = ? 
2019-12-18 09:03:12.430 [http-nio-8080-exec-2] DEBUG com.csdj.lyn.mapper.OrderformMapper.findOrderForm - ==> Parameters: 待发货(String)
2019-12-18 09:03:12.431 [http-nio-8080-exec-2] DEBUG com.csdj.lyn.mapper.OrderformMapper.findOrderForm - <==      Total: 2
2019-12-18 09:03:12.684 [http-nio-8080-exec-3] DEBUG com.csdj.lyn.mapper.OrderformMapper.findOrderForm - ==>  Preparing: SELECT * FROM `orderform` a,`orderdetailed` b WHERE a.`did`=b.`mdid` and a.start = ? 
2019-12-18 09:03:12.684 [http-nio-8080-exec-3] DEBUG com.csdj.lyn.mapper.OrderformMapper.findOrderForm - ==> Parameters: 待付款(String)
2019-12-18 09:03:12.685 [http-nio-8080-exec-3] DEBUG com.csdj.lyn.mapper.OrderformMapper.findOrderForm - <==      Total: 1
2019-12-18 09:03:12.881 [http-nio-8080-exec-4] DEBUG com.csdj.lyn.mapper.OrderformMapper.findOrderForm - ==>  Preparing: SELECT * FROM `orderform` a,`orderdetailed` b WHERE a.`did`=b.`mdid` 
2019-12-18 09:03:12.881 [http-nio-8080-exec-4] DEBUG com.csdj.lyn.mapper.OrderformMapper.findOrderForm - ==> Parameters: 
2019-12-18 09:03:12.883 [http-nio-8080-exec-4] DEBUG com.csdj.lyn.mapper.OrderformMapper.findOrderForm - <==      Total: 6
2019-12-18 09:03:58.328 [http-nio-8080-exec-5] DEBUG com.csdj.lyn.mapper.OrderformMapper.findOrderForm - ==>  Preparing: SELECT * FROM `orderform` a,`orderdetailed` b WHERE a.`did`=b.`mdid` and a.start = ? 
2019-12-18 09:03:58.329 [http-nio-8080-exec-5] DEBUG com.csdj.lyn.mapper.OrderformMapper.findOrderForm - ==> Parameters: 待付款(String)
2019-12-18 09:03:58.330 [http-nio-8080-exec-5] DEBUG com.csdj.lyn.mapper.OrderformMapper.findOrderForm - <==      Total: 1
2019-12-18 09:03:58.810 [http-nio-8080-exec-6] DEBUG com.csdj.lyn.mapper.OrderformMapper.findOrderForm - ==>  Preparing: SELECT * FROM `orderform` a,`orderdetailed` b WHERE a.`did`=b.`mdid` and a.start = ? 
2019-12-18 09:03:58.811 [http-nio-8080-exec-6] DEBUG com.csdj.lyn.mapper.OrderformMapper.findOrderForm - ==> Parameters: 待发货(String)
2019-12-18 09:03:58.811 [http-nio-8080-exec-6] DEBUG com.csdj.lyn.mapper.OrderformMapper.findOrderForm - <==      Total: 2
2019-12-18 09:03:59.329 [http-nio-8080-exec-7] DEBUG com.csdj.lyn.mapper.OrderformMapper.findOrderForm - ==>  Preparing: SELECT * FROM `orderform` a,`orderdetailed` b WHERE a.`did`=b.`mdid` and a.start = ? 
2019-12-18 09:03:59.329 [http-nio-8080-exec-7] DEBUG com.csdj.lyn.mapper.OrderformMapper.findOrderForm - ==> Parameters: 待收货(String)
2019-12-18 09:03:59.330 [http-nio-8080-exec-7] DEBUG com.csdj.lyn.mapper.OrderformMapper.findOrderForm - <==      Total: 2
2019-12-18 09:03:59.640 [http-nio-8080-exec-8] DEBUG com.csdj.lyn.mapper.OrderformMapper.findOrderForm - ==>  Preparing: SELECT * FROM `orderform` a,`orderdetailed` b WHERE a.`did`=b.`mdid` and a.start = ? 
2019-12-18 09:03:59.641 [http-nio-8080-exec-8] DEBUG com.csdj.lyn.mapper.OrderformMapper.findOrderForm - ==> Parameters: 已完成(String)
2019-12-18 09:03:59.642 [http-nio-8080-exec-8] DEBUG com.csdj.lyn.mapper.OrderformMapper.findOrderForm - <==      Total: 1
2019-12-18 09:04:00.026 [http-nio-8080-exec-9] DEBUG com.csdj.lyn.mapper.OrderformMapper.findOrderForm - ==>  Preparing: SELECT * FROM `orderform` a,`orderdetailed` b WHERE a.`did`=b.`mdid` and a.start = ? 
2019-12-18 09:04:00.026 [http-nio-8080-exec-9] DEBUG com.csdj.lyn.mapper.OrderformMapper.findOrderForm - ==> Parameters: 待发货(String)
2019-12-18 09:04:00.027 [http-nio-8080-exec-9] DEBUG com.csdj.lyn.mapper.OrderformMapper.findOrderForm - <==      Total: 2
2019-12-18 09:04:00.678 [http-nio-8080-exec-10] DEBUG com.csdj.lyn.mapper.OrderformMapper.findOrderForm - ==>  Preparing: SELECT * FROM `orderform` a,`orderdetailed` b WHERE a.`did`=b.`mdid` and a.start = ? 
2019-12-18 09:04:00.678 [http-nio-8080-exec-10] DEBUG com.csdj.lyn.mapper.OrderformMapper.findOrderForm - ==> Parameters: 待付款(String)
2019-12-18 09:04:00.679 [http-nio-8080-exec-10] DEBUG com.csdj.lyn.mapper.OrderformMapper.findOrderForm - <==      Total: 1
2019-12-18 09:04:01.506 [http-nio-8080-exec-1] DEBUG com.csdj.lyn.mapper.OrderformMapper.findOrderForm - ==>  Preparing: SELECT * FROM `orderform` a,`orderdetailed` b WHERE a.`did`=b.`mdid` and a.start = ? 
2019-12-18 09:04:01.506 [http-nio-8080-exec-1] DEBUG com.csdj.lyn.mapper.OrderformMapper.findOrderForm - ==> Parameters: 待发货(String)
2019-12-18 09:04:01.507 [http-nio-8080-exec-1] DEBUG com.csdj.lyn.mapper.OrderformMapper.findOrderForm - <==      Total: 2
2019-12-18 09:04:01.904 [http-nio-8080-exec-2] DEBUG com.csdj.lyn.mapper.OrderformMapper.findOrderForm - ==>  Preparing: SELECT * FROM `orderform` a,`orderdetailed` b WHERE a.`did`=b.`mdid` 
2019-12-18 09:04:01.904 [http-nio-8080-exec-2] DEBUG com.csdj.lyn.mapper.OrderformMapper.findOrderForm - ==> Parameters: 
2019-12-18 09:04:01.905 [http-nio-8080-exec-2] DEBUG com.csdj.lyn.mapper.OrderformMapper.findOrderForm - <==      Total: 6
2019-12-18 09:04:02.290 [http-nio-8080-exec-3] DEBUG com.csdj.lyn.mapper.OrderformMapper.findOrderForm - ==>  Preparing: SELECT * FROM `orderform` a,`orderdetailed` b WHERE a.`did`=b.`mdid` 
2019-12-18 09:04:02.290 [http-nio-8080-exec-3] DEBUG com.csdj.lyn.mapper.OrderformMapper.findOrderForm - ==> Parameters: 
2019-12-18 09:04:02.291 [http-nio-8080-exec-3] DEBUG com.csdj.lyn.mapper.OrderformMapper.findOrderForm - <==      Total: 6
2019-12-18 09:05:32.653 [http-nio-8080-exec-5] DEBUG com.csdj.lyn.mapper.OrderformMapper.findOrderForm - ==>  Preparing: SELECT * FROM `orderform` a,`orderdetailed` b WHERE a.`did`=b.`mdid` 
2019-12-18 09:05:32.654 [http-nio-8080-exec-5] DEBUG com.csdj.lyn.mapper.OrderformMapper.findOrderForm - ==> Parameters: 
2019-12-18 09:05:32.655 [http-nio-8080-exec-5] DEBUG com.csdj.lyn.mapper.OrderformMapper.findOrderForm - <==      Total: 6
2019-12-18 09:05:33.556 [http-nio-8080-exec-6] DEBUG com.csdj.lyn.mapper.OrderformMapper.findOrderForm - ==>  Preparing: SELECT * FROM `orderform` a,`orderdetailed` b WHERE a.`did`=b.`mdid` and a.start = ? 
2019-12-18 09:05:33.557 [http-nio-8080-exec-6] DEBUG com.csdj.lyn.mapper.OrderformMapper.findOrderForm - ==> Parameters: 待发货(String)
2019-12-18 09:05:33.558 [http-nio-8080-exec-6] DEBUG com.csdj.lyn.mapper.OrderformMapper.findOrderForm - <==      Total: 2
2019-12-18 09:05:33.902 [http-nio-8080-exec-7] DEBUG com.csdj.lyn.mapper.OrderformMapper.findOrderForm - ==>  Preparing: SELECT * FROM `orderform` a,`orderdetailed` b WHERE a.`did`=b.`mdid` and a.start = ? 
2019-12-18 09:05:33.902 [http-nio-8080-exec-7] DEBUG com.csdj.lyn.mapper.OrderformMapper.findOrderForm - ==> Parameters: 待付款(String)
2019-12-18 09:05:33.903 [http-nio-8080-exec-7] DEBUG com.csdj.lyn.mapper.OrderformMapper.findOrderForm - <==      Total: 1
2019-12-18 09:05:34.383 [http-nio-8080-exec-8] DEBUG com.csdj.lyn.mapper.OrderformMapper.findOrderForm - ==>  Preparing: SELECT * FROM `orderform` a,`orderdetailed` b WHERE a.`did`=b.`mdid` and a.start = ? 
2019-12-18 09:05:34.384 [http-nio-8080-exec-8] DEBUG com.csdj.lyn.mapper.OrderformMapper.findOrderForm - ==> Parameters: 待收货(String)
2019-12-18 09:05:34.385 [http-nio-8080-exec-8] DEBUG com.csdj.lyn.mapper.OrderformMapper.findOrderForm - <==      Total: 2
2019-12-18 09:05:34.803 [http-nio-8080-exec-9] DEBUG com.csdj.lyn.mapper.OrderformMapper.findOrderForm - ==>  Preparing: SELECT * FROM `orderform` a,`orderdetailed` b WHERE a.`did`=b.`mdid` and a.start = ? 
2019-12-18 09:05:34.803 [http-nio-8080-exec-9] DEBUG com.csdj.lyn.mapper.OrderformMapper.findOrderForm - ==> Parameters: 已完成(String)
2019-12-18 09:05:34.804 [http-nio-8080-exec-9] DEBUG com.csdj.lyn.mapper.OrderformMapper.findOrderForm - <==      Total: 1
2019-12-18 09:05:35.272 [http-nio-8080-exec-10] DEBUG com.csdj.lyn.mapper.OrderformMapper.findOrderForm - ==>  Preparing: SELECT * FROM `orderform` a,`orderdetailed` b WHERE a.`did`=b.`mdid` and a.start = ? 
2019-12-18 09:05:35.273 [http-nio-8080-exec-10] DEBUG com.csdj.lyn.mapper.OrderformMapper.findOrderForm - ==> Parameters: 待发货(String)
2019-12-18 09:05:35.274 [http-nio-8080-exec-10] DEBUG com.csdj.lyn.mapper.OrderformMapper.findOrderForm - <==      Total: 2
2019-12-18 09:05:35.920 [http-nio-8080-exec-1] DEBUG com.csdj.lyn.mapper.OrderformMapper.findOrderForm - ==>  Preparing: SELECT * FROM `orderform` a,`orderdetailed` b WHERE a.`did`=b.`mdid` and a.start = ? 
2019-12-18 09:05:35.921 [http-nio-8080-exec-1] DEBUG com.csdj.lyn.mapper.OrderformMapper.findOrderForm - ==> Parameters: 待付款(String)
2019-12-18 09:05:35.922 [http-nio-8080-exec-1] DEBUG com.csdj.lyn.mapper.OrderformMapper.findOrderForm - <==      Total: 1
2019-12-18 09:05:38.065 [http-nio-8080-exec-2] DEBUG com.csdj.lyn.mapper.OrderformMapper.findOrderForm - ==>  Preparing: SELECT * FROM `orderform` a,`orderdetailed` b WHERE a.`did`=b.`mdid` and a.start = ? 
2019-12-18 09:05:38.065 [http-nio-8080-exec-2] DEBUG com.csdj.lyn.mapper.OrderformMapper.findOrderForm - ==> Parameters: 待发货(String)
2019-12-18 09:05:38.066 [http-nio-8080-exec-2] DEBUG com.csdj.lyn.mapper.OrderformMapper.findOrderForm - <==      Total: 2
2019-12-18 09:05:40.321 [http-nio-8080-exec-3] DEBUG com.csdj.lyn.mapper.OrderformMapper.findOrderForm - ==>  Preparing: SELECT * FROM `orderform` a,`orderdetailed` b WHERE a.`did`=b.`mdid` and a.start = ? 
2019-12-18 09:05:40.321 [http-nio-8080-exec-3] DEBUG com.csdj.lyn.mapper.OrderformMapper.findOrderForm - ==> Parameters: 待收货(String)
2019-12-18 09:05:40.328 [http-nio-8080-exec-3] DEBUG com.csdj.lyn.mapper.OrderformMapper.findOrderForm - <==      Total: 2
2019-12-18 09:05:40.825 [http-nio-8080-exec-4] DEBUG com.csdj.lyn.mapper.OrderformMapper.findOrderForm - ==>  Preparing: SELECT * FROM `orderform` a,`orderdetailed` b WHERE a.`did`=b.`mdid` and a.start = ? 
2019-12-18 09:05:40.825 [http-nio-8080-exec-4] DEBUG com.csdj.lyn.mapper.OrderformMapper.findOrderForm - ==> Parameters: 已完成(String)
2019-12-18 09:05:40.826 [http-nio-8080-exec-4] DEBUG com.csdj.lyn.mapper.OrderformMapper.findOrderForm - <==      Total: 1
2019-12-18 09:05:41.659 [http-nio-8080-exec-5] DEBUG com.csdj.lyn.mapper.OrderformMapper.findOrderForm - ==>  Preparing: SELECT * FROM `orderform` a,`orderdetailed` b WHERE a.`did`=b.`mdid` and a.start = ? 
2019-12-18 09:05:41.660 [http-nio-8080-exec-5] DEBUG com.csdj.lyn.mapper.OrderformMapper.findOrderForm - ==> Parameters: 待收货(String)
2019-12-18 09:05:41.661 [http-nio-8080-exec-5] DEBUG com.csdj.lyn.mapper.OrderformMapper.findOrderForm - <==      Total: 2
2019-12-18 09:05:42.414 [http-nio-8080-exec-6] DEBUG com.csdj.lyn.mapper.OrderformMapper.findOrderForm - ==>  Preparing: SELECT * FROM `orderform` a,`orderdetailed` b WHERE a.`did`=b.`mdid` and a.start = ? 
2019-12-18 09:05:42.414 [http-nio-8080-exec-6] DEBUG com.csdj.lyn.mapper.OrderformMapper.findOrderForm - ==> Parameters: 待发货(String)
2019-12-18 09:05:42.415 [http-nio-8080-exec-6] DEBUG com.csdj.lyn.mapper.OrderformMapper.findOrderForm - <==      Total: 2
2019-12-18 09:05:42.780 [http-nio-8080-exec-7] DEBUG com.csdj.lyn.mapper.OrderformMapper.findOrderForm - ==>  Preparing: SELECT * FROM `orderform` a,`orderdetailed` b WHERE a.`did`=b.`mdid` and a.start = ? 
2019-12-18 09:05:42.781 [http-nio-8080-exec-7] DEBUG com.csdj.lyn.mapper.OrderformMapper.findOrderForm - ==> Parameters: 待付款(String)
2019-12-18 09:05:42.782 [http-nio-8080-exec-7] DEBUG com.csdj.lyn.mapper.OrderformMapper.findOrderForm - <==      Total: 1
2019-12-18 09:05:43.235 [http-nio-8080-exec-8] DEBUG com.csdj.lyn.mapper.OrderformMapper.findOrderForm - ==>  Preparing: SELECT * FROM `orderform` a,`orderdetailed` b WHERE a.`did`=b.`mdid` and a.start = ? 
2019-12-18 09:05:43.236 [http-nio-8080-exec-8] DEBUG com.csdj.lyn.mapper.OrderformMapper.findOrderForm - ==> Parameters: 待付款(String)
2019-12-18 09:05:43.236 [http-nio-8080-exec-8] DEBUG com.csdj.lyn.mapper.OrderformMapper.findOrderForm - <==      Total: 1
2019-12-18 09:05:43.506 [http-nio-8080-exec-9] DEBUG com.csdj.lyn.mapper.OrderformMapper.findOrderForm - ==>  Preparing: SELECT * FROM `orderform` a,`orderdetailed` b WHERE a.`did`=b.`mdid` 
2019-12-18 09:05:43.507 [http-nio-8080-exec-9] DEBUG com.csdj.lyn.mapper.OrderformMapper.findOrderForm - ==> Parameters: 
2019-12-18 09:05:43.508 [http-nio-8080-exec-9] DEBUG com.csdj.lyn.mapper.OrderformMapper.findOrderForm - <==      Total: 6
2019-12-18 09:24:21.181 [http-nio-8080-exec-1] DEBUG com.csdj.lyn.mapper.OrderformMapper.findOrderForm - ==>  Preparing: SELECT * FROM `orderform` a,`orderdetailed` b WHERE a.`did`=b.`mdid` 
2019-12-18 09:24:21.183 [http-nio-8080-exec-1] DEBUG com.csdj.lyn.mapper.OrderformMapper.findOrderForm - ==> Parameters: 
2019-12-18 09:24:21.192 [http-nio-8080-exec-1] DEBUG com.csdj.lyn.mapper.OrderformMapper.findOrderForm - <==      Total: 6
2019-12-18 09:24:22.064 [http-nio-8080-exec-2] DEBUG com.csdj.lyn.mapper.OrderformMapper.findOrderForm - ==>  Preparing: SELECT * FROM `orderform` a,`orderdetailed` b WHERE a.`did`=b.`mdid` and a.start = ? 
2019-12-18 09:24:22.065 [http-nio-8080-exec-2] DEBUG com.csdj.lyn.mapper.OrderformMapper.findOrderForm - ==> Parameters: 待付款(String)
2019-12-18 09:24:22.067 [http-nio-8080-exec-2] DEBUG com.csdj.lyn.mapper.OrderformMapper.findOrderForm - <==      Total: 1
2019-12-18 09:24:22.446 [http-nio-8080-exec-3] DEBUG com.csdj.lyn.mapper.OrderformMapper.findOrderForm - ==>  Preparing: SELECT * FROM `orderform` a,`orderdetailed` b WHERE a.`did`=b.`mdid` and a.start = ? 
2019-12-18 09:24:22.447 [http-nio-8080-exec-3] DEBUG com.csdj.lyn.mapper.OrderformMapper.findOrderForm - ==> Parameters: 待发货(String)
2019-12-18 09:24:22.448 [http-nio-8080-exec-3] DEBUG com.csdj.lyn.mapper.OrderformMapper.findOrderForm - <==      Total: 2
2019-12-18 09:24:22.866 [http-nio-8080-exec-4] DEBUG com.csdj.lyn.mapper.OrderformMapper.findOrderForm - ==>  Preparing: SELECT * FROM `orderform` a,`orderdetailed` b WHERE a.`did`=b.`mdid` 
2019-12-18 09:24:22.866 [http-nio-8080-exec-4] DEBUG com.csdj.lyn.mapper.OrderformMapper.findOrderForm - ==> Parameters: 
2019-12-18 09:24:22.868 [http-nio-8080-exec-4] DEBUG com.csdj.lyn.mapper.OrderformMapper.findOrderForm - <==      Total: 6
2019-12-18 09:56:33.157 [main] INFO  com.csdj.lyn.LynApplication - Starting LynApplication on DESKTOP-E1183FD with PID 16888 (C:\Users\mi\Desktop\PurchaseOrder\target\classes started by mi in C:\Users\mi\Desktop\PurchaseOrder)
2019-12-18 09:56:33.159 [main] DEBUG com.csdj.lyn.LynApplication - Running with Spring Boot v2.2.2.RELEASE, Spring v5.2.2.RELEASE
2019-12-18 09:56:33.160 [main] INFO  com.csdj.lyn.LynApplication - No active profile set, falling back to default profiles: default
2019-12-18 09:56:34.976 [main] INFO  org.apache.coyote.http11.Http11NioProtocol - Initializing ProtocolHandler ["http-nio-8080"]
2019-12-18 09:56:34.977 [main] INFO  org.apache.catalina.core.StandardService - Starting service [Tomcat]
2019-12-18 09:56:34.977 [main] INFO  org.apache.catalina.core.StandardEngine - Starting Servlet engine: [Apache Tomcat/9.0.29]
2019-12-18 09:56:34.980 [main] INFO  org.apache.catalina.core.AprLifecycleListener - An older version [1.2.21] of the APR based Apache Tomcat Native library is installed, while Tomcat recommends a minimum version of [1.2.23]
2019-12-18 09:56:34.980 [main] INFO  org.apache.catalina.core.AprLifecycleListener - Loaded APR based Apache Tomcat Native library [1.2.21] using APR version [1.6.5].
2019-12-18 09:56:34.981 [main] INFO  org.apache.catalina.core.AprLifecycleListener - APR capabilities: IPv6 [true], sendfile [true], accept filters [false], random [true].
2019-12-18 09:56:34.981 [main] INFO  org.apache.catalina.core.AprLifecycleListener - APR/OpenSSL configuration: useAprConnector [false], useOpenSSL [true]
2019-12-18 09:56:34.988 [main] INFO  org.apache.catalina.core.AprLifecycleListener - OpenSSL successfully initialized [OpenSSL 1.1.1a  20 Nov 2018]
2019-12-18 09:56:35.169 [main] INFO  o.a.c.c.C.[Tomcat].[localhost].[/layui] - Initializing Spring embedded WebApplicationContext
2019-12-18 09:56:35.344 [main] INFO  com.zaxxer.hikari.HikariDataSource - HikariPool-1 - Starting...
2019-12-18 09:56:35.345 [main] WARN  com.zaxxer.hikari.util.DriverDataSource - Registered driver with driverClassName=com.mysql.jdbc.Driver was not found, trying direct instantiation.
2019-12-18 09:56:35.499 [main] INFO  com.zaxxer.hikari.HikariDataSource - HikariPool-1 - Start completed.
2019-12-18 09:56:35.562 [main] INFO  org.hibernate.jpa.internal.util.LogHelper - HHH000204: Processing PersistenceUnitInfo [name: default]
2019-12-18 09:56:35.774 [main] INFO  org.hibernate.Version - HHH000412: Hibernate Core {5.4.9.Final}
2019-12-18 09:56:35.973 [main] INFO  org.hibernate.annotations.common.Version - HCANN000001: Hibernate Commons Annotations {5.1.0.Final}
2019-12-18 09:56:36.135 [main] INFO  org.hibernate.dialect.Dialect - HHH000400: Using dialect: org.hibernate.dialect.MySQL57Dialect
2019-12-18 09:56:36.335 [main] INFO  o.h.e.t.jta.platform.internal.JtaPlatformInitiator - HHH000490: Using JtaPlatform implementation: [org.hibernate.engine.transaction.jta.platform.internal.NoJtaPlatform]
2019-12-18 09:56:37.222 [main] INFO  org.apache.coyote.http11.Http11NioProtocol - Starting ProtocolHandler ["http-nio-8080"]
2019-12-18 09:56:37.266 [main] INFO  com.csdj.lyn.LynApplication - Started LynApplication in 4.682 seconds (JVM running for 6.444)
2019-12-18 09:57:22.164 [http-nio-8080-exec-1] INFO  o.a.c.c.C.[Tomcat].[localhost].[/layui] - Initializing Spring DispatcherServlet 'dispatcherServlet'
2019-12-18 09:57:22.953 [http-nio-8080-exec-3] DEBUG com.csdj.lyn.mapper.PurchaseMapper.count - ==>  Preparing: SELECT COUNT(1) FROM `purchaseorder` 
2019-12-18 09:57:23.001 [http-nio-8080-exec-3] DEBUG com.csdj.lyn.mapper.PurchaseMapper.count - ==> Parameters: 
2019-12-18 09:57:23.035 [http-nio-8080-exec-3] DEBUG com.csdj.lyn.mapper.PurchaseMapper.count - <==      Total: 1
2019-12-18 09:57:23.037 [http-nio-8080-exec-3] DEBUG com.csdj.lyn.mapper.PurchaseMapper.findCriName - ==>  Preparing: SELECT * FROM `purchaseorder` limit ?,?; 
2019-12-18 09:57:23.038 [http-nio-8080-exec-3] DEBUG com.csdj.lyn.mapper.PurchaseMapper.findCriName - ==> Parameters: 0(Integer), 10(Integer)
2019-12-18 09:57:23.049 [http-nio-8080-exec-3] DEBUG com.csdj.lyn.mapper.PurchaseMapper.findCriName - <==      Total: 1
2019-12-18 11:24:40.431 [main] INFO  com.csdj.lyn.LynApplication - Starting LynApplication on DESKTOP-E1183FD with PID 4240 (C:\Users\mi\Desktop\PurchaseOrder\target\classes started by mi in C:\Users\mi\Desktop\PurchaseOrder)
2019-12-18 11:24:40.435 [main] DEBUG com.csdj.lyn.LynApplication - Running with Spring Boot v2.2.2.RELEASE, Spring v5.2.2.RELEASE
2019-12-18 11:24:40.436 [main] INFO  com.csdj.lyn.LynApplication - No active profile set, falling back to default profiles: default
2019-12-18 11:24:42.924 [main] INFO  org.apache.coyote.http11.Http11NioProtocol - Initializing ProtocolHandler ["http-nio-8080"]
2019-12-18 11:24:42.926 [main] INFO  org.apache.catalina.core.StandardService - Starting service [Tomcat]
2019-12-18 11:24:42.926 [main] INFO  org.apache.catalina.core.StandardEngine - Starting Servlet engine: [Apache Tomcat/9.0.29]
2019-12-18 11:24:42.930 [main] INFO  org.apache.catalina.core.AprLifecycleListener - An older version [1.2.21] of the APR based Apache Tomcat Native library is installed, while Tomcat recommends a minimum version of [1.2.23]
2019-12-18 11:24:42.931 [main] INFO  org.apache.catalina.core.AprLifecycleListener - Loaded APR based Apache Tomcat Native library [1.2.21] using APR version [1.6.5].
2019-12-18 11:24:42.932 [main] INFO  org.apache.catalina.core.AprLifecycleListener - APR capabilities: IPv6 [true], sendfile [true], accept filters [false], random [true].
2019-12-18 11:24:42.933 [main] INFO  org.apache.catalina.core.AprLifecycleListener - APR/OpenSSL configuration: useAprConnector [false], useOpenSSL [true]
2019-12-18 11:24:42.956 [main] INFO  org.apache.catalina.core.AprLifecycleListener - OpenSSL successfully initialized [OpenSSL 1.1.1a  20 Nov 2018]
2019-12-18 11:24:43.215 [main] INFO  o.a.c.c.C.[Tomcat].[localhost].[/layui] - Initializing Spring embedded WebApplicationContext
2019-12-18 11:24:43.408 [main] INFO  com.zaxxer.hikari.HikariDataSource - HikariPool-1 - Starting...
2019-12-18 11:24:43.409 [main] WARN  com.zaxxer.hikari.util.DriverDataSource - Registered driver with driverClassName=com.mysql.jdbc.Driver was not found, trying direct instantiation.
2019-12-18 11:24:43.588 [main] INFO  com.zaxxer.hikari.HikariDataSource - HikariPool-1 - Start completed.
2019-12-18 11:24:43.654 [main] INFO  org.hibernate.jpa.internal.util.LogHelper - HHH000204: Processing PersistenceUnitInfo [name: default]
2019-12-18 11:24:43.833 [main] INFO  org.hibernate.Version - HHH000412: Hibernate Core {5.4.9.Final}
2019-12-18 11:24:44.024 [main] INFO  org.hibernate.annotations.common.Version - HCANN000001: Hibernate Commons Annotations {5.1.0.Final}
2019-12-18 11:24:44.177 [main] INFO  org.hibernate.dialect.Dialect - HHH000400: Using dialect: org.hibernate.dialect.MySQL57Dialect
2019-12-18 11:24:44.385 [main] INFO  o.h.e.t.jta.platform.internal.JtaPlatformInitiator - HHH000490: Using JtaPlatform implementation: [org.hibernate.engine.transaction.jta.platform.internal.NoJtaPlatform]
2019-12-18 11:24:45.267 [main] INFO  org.apache.coyote.http11.Http11NioProtocol - Starting ProtocolHandler ["http-nio-8080"]
2019-12-18 11:24:45.301 [main] INFO  com.csdj.lyn.LynApplication - Started LynApplication in 5.795 seconds (JVM running for 8.508)
2019-12-18 11:24:55.556 [http-nio-8080-exec-1] INFO  o.a.c.c.C.[Tomcat].[localhost].[/layui] - Initializing Spring DispatcherServlet 'dispatcherServlet'
2019-12-18 11:24:55.907 [http-nio-8080-exec-1] DEBUG com.csdj.lyn.mapper.OrderformMapper.findOrderForm - ==>  Preparing: SELECT * FROM `orderform` a,`orderdetailed` b WHERE a.`did`=b.`mdid` 
2019-12-18 11:24:55.947 [http-nio-8080-exec-1] DEBUG com.csdj.lyn.mapper.OrderformMapper.findOrderForm - ==> Parameters: 
2019-12-18 11:24:56.013 [http-nio-8080-exec-1] DEBUG com.csdj.lyn.mapper.OrderformMapper.findOrderForm - <==      Total: 6
2019-12-18 11:24:57.026 [http-nio-8080-exec-2] DEBUG com.csdj.lyn.mapper.OrderformMapper.findOrderForm - ==>  Preparing: SELECT * FROM `orderform` a,`orderdetailed` b WHERE a.`did`=b.`mdid` and a.start = ? 
2019-12-18 11:24:57.028 [http-nio-8080-exec-2] DEBUG com.csdj.lyn.mapper.OrderformMapper.findOrderForm - ==> Parameters: 待付款(String)
2019-12-18 11:24:57.031 [http-nio-8080-exec-2] DEBUG com.csdj.lyn.mapper.OrderformMapper.findOrderForm - <==      Total: 1
2019-12-18 11:24:57.497 [http-nio-8080-exec-3] DEBUG com.csdj.lyn.mapper.OrderformMapper.findOrderForm - ==>  Preparing: SELECT * FROM `orderform` a,`orderdetailed` b WHERE a.`did`=b.`mdid` and a.start = ? 
2019-12-18 11:24:57.497 [http-nio-8080-exec-3] DEBUG com.csdj.lyn.mapper.OrderformMapper.findOrderForm - ==> Parameters: 待发货(String)
2019-12-18 11:24:57.500 [http-nio-8080-exec-3] DEBUG com.csdj.lyn.mapper.OrderformMapper.findOrderForm - <==      Total: 2
2019-12-18 11:24:57.949 [http-nio-8080-exec-4] DEBUG com.csdj.lyn.mapper.OrderformMapper.findOrderForm - ==>  Preparing: SELECT * FROM `orderform` a,`orderdetailed` b WHERE a.`did`=b.`mdid` and a.start = ? 
2019-12-18 11:24:57.950 [http-nio-8080-exec-4] DEBUG com.csdj.lyn.mapper.OrderformMapper.findOrderForm - ==> Parameters: 待收货(String)
2019-12-18 11:24:57.951 [http-nio-8080-exec-4] DEBUG com.csdj.lyn.mapper.OrderformMapper.findOrderForm - <==      Total: 2
2019-12-18 11:24:58.340 [http-nio-8080-exec-5] DEBUG com.csdj.lyn.mapper.OrderformMapper.findOrderForm - ==>  Preparing: SELECT * FROM `orderform` a,`orderdetailed` b WHERE a.`did`=b.`mdid` and a.start = ? 
2019-12-18 11:24:58.341 [http-nio-8080-exec-5] DEBUG com.csdj.lyn.mapper.OrderformMapper.findOrderForm - ==> Parameters: 已完成(String)
2019-12-18 11:24:58.343 [http-nio-8080-exec-5] DEBUG com.csdj.lyn.mapper.OrderformMapper.findOrderForm - <==      Total: 1
2019-12-18 11:31:02.120 [http-nio-8080-exec-7] DEBUG com.csdj.lyn.mapper.OrderformMapper.findOrderForm - ==>  Preparing: SELECT * FROM `orderform` a,`orderdetailed` b WHERE a.`did`=b.`mdid` and a.start = ? 
2019-12-18 11:31:02.122 [http-nio-8080-exec-7] DEBUG com.csdj.lyn.mapper.OrderformMapper.findOrderForm - ==> Parameters: 待收货(String)
2019-12-18 11:31:02.126 [http-nio-8080-exec-7] DEBUG com.csdj.lyn.mapper.OrderformMapper.findOrderForm - <==      Total: 2
2019-12-18 11:31:02.445 [http-nio-8080-exec-8] DEBUG com.csdj.lyn.mapper.OrderformMapper.findOrderForm - ==>  Preparing: SELECT * FROM `orderform` a,`orderdetailed` b WHERE a.`did`=b.`mdid` and a.start = ? 
2019-12-18 11:31:02.446 [http-nio-8080-exec-8] DEBUG com.csdj.lyn.mapper.OrderformMapper.findOrderForm - ==> Parameters: 待发货(String)
2019-12-18 11:31:02.450 [http-nio-8080-exec-8] DEBUG com.csdj.lyn.mapper.OrderformMapper.findOrderForm - <==      Total: 2
2019-12-18 11:31:02.752 [http-nio-8080-exec-9] DEBUG com.csdj.lyn.mapper.OrderformMapper.findOrderForm - ==>  Preparing: SELECT * FROM `orderform` a,`orderdetailed` b WHERE a.`did`=b.`mdid` and a.start = ? 
2019-12-18 11:31:02.752 [http-nio-8080-exec-9] DEBUG com.csdj.lyn.mapper.OrderformMapper.findOrderForm - ==> Parameters: 待付款(String)
2019-12-18 11:31:02.755 [http-nio-8080-exec-9] DEBUG com.csdj.lyn.mapper.OrderformMapper.findOrderForm - <==      Total: 1
2019-12-18 11:31:03.086 [http-nio-8080-exec-10] DEBUG com.csdj.lyn.mapper.OrderformMapper.findOrderForm - ==>  Preparing: SELECT * FROM `orderform` a,`orderdetailed` b WHERE a.`did`=b.`mdid` 
2019-12-18 11:31:03.086 [http-nio-8080-exec-10] DEBUG com.csdj.lyn.mapper.OrderformMapper.findOrderForm - ==> Parameters: 
2019-12-18 11:31:03.089 [http-nio-8080-exec-10] DEBUG com.csdj.lyn.mapper.OrderformMapper.findOrderForm - <==      Total: 6
